09:24:24.067 INFO  =-=-=-=-=-=-=- Loading command(s) -=-=-=-=-=-=-= 
09:24:25.055 INFO  =-=-=-=-=-=-=- Loading event(s) -=-=-=-=-=-=-= 
09:24:32.394 INFO  -=-=-=-=-=-=-=-=-=-=-=-=-=-=-=-=-=-=-=-=-=-=-=-=-=-=-=-= 
09:24:32.397 INFO  ChibiKawaii#6151, ready to watch [546] users in [3] servers. 
09:24:32.397 INFO  -=-=-=-=-=-=-=-=-=-=-=-=-=-=-=-=-=-=-=-=-=-=-=-=-=-=-=-= 
09:25:41.349 INFO  =-=-=-=-=-=-=- Loading command(s) -=-=-=-=-=-=-= 
09:25:41.690 INFO  =-=-=-=-=-=-=- Loading event(s) -=-=-=-=-=-=-= 
09:25:49.162 INFO  -=-=-=-=-=-=-=-=-=-=-=-=-=-=-=-=-=-=-=-=-=-=-=-=-=-=-=-= 
09:25:49.163 INFO  ChibiKawaii#6151, ready to watch [546] users in [3] servers. 
09:25:49.163 INFO  -=-=-=-=-=-=-=-=-=-=-=-=-=-=-=-=-=-=-=-=-=-=-=-=-=-=-=-= 
09:27:29.893 INFO  =-=-=-=-=-=-=- Loading command(s) -=-=-=-=-=-=-= 
09:27:30.167 INFO  =-=-=-=-=-=-=- Loading event(s) -=-=-=-=-=-=-= 
09:27:38.385 INFO  -=-=-=-=-=-=-=-=-=-=-=-=-=-=-=-=-=-=-=-=-=-=-=-=-=-=-=-= 
09:27:38.386 INFO  ChibiKawaii#6151, ready to watch [546] users in [3] servers. 
09:27:38.386 INFO  -=-=-=-=-=-=-=-=-=-=-=-=-=-=-=-=-=-=-=-=-=-=-=-=-=-=-=-= 
09:28:17.389 INFO  =-=-=-=-=-=-=- Loading command(s) -=-=-=-=-=-=-= 
09:28:17.665 INFO  =-=-=-=-=-=-=- Loading event(s) -=-=-=-=-=-=-= 
09:28:25.845 INFO  -=-=-=-=-=-=-=-=-=-=-=-=-=-=-=-=-=-=-=-=-=-=-=-=-=-=-=-= 
09:28:25.846 INFO  ChibiKawaii#6151, ready to watch [546] users in [3] servers. 
09:28:25.846 INFO  -=-=-=-=-=-=-=-=-=-=-=-=-=-=-=-=-=-=-=-=-=-=-=-=-=-=-=-= 
10:05:57.865 INFO  =-=-=-=-=-=-=- Loading command(s) -=-=-=-=-=-=-= 
10:05:58.182 INFO  =-=-=-=-=-=-=- Loading event(s) -=-=-=-=-=-=-= 
10:06:05.897 INFO  -=-=-=-=-=-=-=-=-=-=-=-=-=-=-=-=-=-=-=-=-=-=-=-=-=-=-=-= 
10:06:05.898 INFO  ChibiKawaii#6151, ready to watch [546] users in [3] servers. 
10:06:05.900 INFO  -=-=-=-=-=-=-=-=-=-=-=-=-=-=-=-=-=-=-=-=-=-=-=-=-=-=-=-= 
10:28:43.731 ERROR Unhandled promise rejection: Unknown Webhook. 
10:29:01.118 INFO  =-=-=-=-=-=-=- Loading command(s) -=-=-=-=-=-=-= 
10:29:01.600 INFO  =-=-=-=-=-=-=- Loading event(s) -=-=-=-=-=-=-= 
10:29:09.635 INFO  -=-=-=-=-=-=-=-=-=-=-=-=-=-=-=-=-=-=-=-=-=-=-=-=-=-=-=-= 
10:29:09.636 INFO  ChibiKawaii#6151, ready to watch [546] users in [3] servers. 
10:29:09.637 INFO  -=-=-=-=-=-=-=-=-=-=-=-=-=-=-=-=-=-=-=-=-=-=-=-=-=-=-=-= 
12:00:09.491 INFO  =-=-=-=-=-=-=- Loading command(s) -=-=-=-=-=-=-= 
12:00:09.777 INFO  =-=-=-=-=-=-=- Loading event(s) -=-=-=-=-=-=-= 
12:00:18.207 INFO  -=-=-=-=-=-=-=-=-=-=-=-=-=-=-=-=-=-=-=-=-=-=-=-=-=-=-=-= 
12:00:18.208 INFO  ChibiKawaii#6151, ready to watch [545] users in [3] servers. 
12:00:18.209 INFO  -=-=-=-=-=-=-=-=-=-=-=-=-=-=-=-=-=-=-=-=-=-=-=-=-=-=-=-= 
15:13:15.465 INFO  =-=-=-=-=-=-=- Loading command(s) -=-=-=-=-=-=-= 
15:13:16.654 INFO  =-=-=-=-=-=-=- Loading event(s) -=-=-=-=-=-=-= 
15:13:24.595 INFO  -=-=-=-=-=-=-=-=-=-=-=-=-=-=-=-=-=-=-=-=-=-=-=-=-=-=-=-= 
15:13:24.632 INFO  ChibiKawaii#6151, ready to watch [546] users in [3] servers. 
15:13:24.671 INFO  -=-=-=-=-=-=-=-=-=-=-=-=-=-=-=-=-=-=-=-=-=-=-=-=-=-=-=-= 
15:14:05.093 INFO  =-=-=-=-=-=-=- Loading command(s) -=-=-=-=-=-=-= 
15:14:05.955 INFO  =-=-=-=-=-=-=- Loading event(s) -=-=-=-=-=-=-= 
15:14:12.840 INFO  -=-=-=-=-=-=-=-=-=-=-=-=-=-=-=-=-=-=-=-=-=-=-=-=-=-=-=-= 
15:14:12.841 INFO  ChibiKawaii#6151, ready to watch [546] users in [3] servers. 
15:14:12.842 INFO  -=-=-=-=-=-=-=-=-=-=-=-=-=-=-=-=-=-=-=-=-=-=-=-=-=-=-=-= 
15:14:24.696 ERROR Unhandled promise rejection: cash is not defined. 
15:15:01.219 INFO  =-=-=-=-=-=-=- Loading command(s) -=-=-=-=-=-=-= 
15:15:01.880 INFO  =-=-=-=-=-=-=- Loading event(s) -=-=-=-=-=-=-= 
15:15:09.353 INFO  -=-=-=-=-=-=-=-=-=-=-=-=-=-=-=-=-=-=-=-=-=-=-=-=-=-=-=-= 
15:15:09.357 INFO  ChibiKawaii#6151, ready to watch [546] users in [3] servers. 
15:15:09.358 INFO  -=-=-=-=-=-=-=-=-=-=-=-=-=-=-=-=-=-=-=-=-=-=-=-=-=-=-=-= 
15:15:19.404 ERROR Unhandled promise rejection: Cannot send an empty message. 
15:15:40.009 INFO  =-=-=-=-=-=-=- Loading command(s) -=-=-=-=-=-=-= 
15:15:40.342 INFO  =-=-=-=-=-=-=- Loading event(s) -=-=-=-=-=-=-= 
15:15:47.950 INFO  -=-=-=-=-=-=-=-=-=-=-=-=-=-=-=-=-=-=-=-=-=-=-=-=-=-=-=-= 
15:15:47.955 INFO  ChibiKawaii#6151, ready to watch [546] users in [3] servers. 
15:15:47.964 INFO  -=-=-=-=-=-=-=-=-=-=-=-=-=-=-=-=-=-=-=-=-=-=-=-=-=-=-=-= 
15:17:59.605 INFO  =-=-=-=-=-=-=- Loading command(s) -=-=-=-=-=-=-= 
15:18:00.420 INFO  =-=-=-=-=-=-=- Loading event(s) -=-=-=-=-=-=-= 
15:18:08.132 INFO  -=-=-=-=-=-=-=-=-=-=-=-=-=-=-=-=-=-=-=-=-=-=-=-=-=-=-=-= 
15:18:08.133 INFO  ChibiKawaii#6151, ready to watch [546] users in [3] servers. 
15:18:08.134 INFO  -=-=-=-=-=-=-=-=-=-=-=-=-=-=-=-=-=-=-=-=-=-=-=-=-=-=-=-= 
15:18:18.679 ERROR Unhandled promise rejection: Cannot send an empty message. 
15:19:29.793 INFO  =-=-=-=-=-=-=- Loading command(s) -=-=-=-=-=-=-= 
15:19:30.624 INFO  =-=-=-=-=-=-=- Loading event(s) -=-=-=-=-=-=-= 
15:19:37.938 INFO  -=-=-=-=-=-=-=-=-=-=-=-=-=-=-=-=-=-=-=-=-=-=-=-=-=-=-=-= 
15:19:37.939 INFO  ChibiKawaii#6151, ready to watch [546] users in [3] servers. 
15:19:37.940 INFO  -=-=-=-=-=-=-=-=-=-=-=-=-=-=-=-=-=-=-=-=-=-=-=-=-=-=-=-= 
15:20:18.054 INFO  =-=-=-=-=-=-=- Loading command(s) -=-=-=-=-=-=-= 
15:20:18.421 INFO  =-=-=-=-=-=-=- Loading event(s) -=-=-=-=-=-=-= 
15:20:25.919 INFO  -=-=-=-=-=-=-=-=-=-=-=-=-=-=-=-=-=-=-=-=-=-=-=-=-=-=-=-= 
15:20:25.920 INFO  ChibiKawaii#6151, ready to watch [546] users in [3] servers. 
15:20:25.921 INFO  -=-=-=-=-=-=-=-=-=-=-=-=-=-=-=-=-=-=-=-=-=-=-=-=-=-=-=-= 
15:23:33.263 INFO  =-=-=-=-=-=-=- Loading command(s) -=-=-=-=-=-=-= 
15:23:33.973 INFO  =-=-=-=-=-=-=- Loading event(s) -=-=-=-=-=-=-= 
15:23:41.381 INFO  -=-=-=-=-=-=-=-=-=-=-=-=-=-=-=-=-=-=-=-=-=-=-=-=-=-=-=-= 
15:23:41.392 INFO  ChibiKawaii#6151, ready to watch [546] users in [3] servers. 
15:23:41.408 INFO  -=-=-=-=-=-=-=-=-=-=-=-=-=-=-=-=-=-=-=-=-=-=-=-=-=-=-=-= 
15:25:54.925 INFO  =-=-=-=-=-=-=- Loading command(s) -=-=-=-=-=-=-= 
15:25:55.327 INFO  =-=-=-=-=-=-=- Loading event(s) -=-=-=-=-=-=-= 
15:26:03.210 INFO  -=-=-=-=-=-=-=-=-=-=-=-=-=-=-=-=-=-=-=-=-=-=-=-=-=-=-=-= 
15:26:03.213 INFO  ChibiKawaii#6151, ready to watch [546] users in [3] servers. 
15:26:03.214 INFO  -=-=-=-=-=-=-=-=-=-=-=-=-=-=-=-=-=-=-=-=-=-=-=-=-=-=-=-= 
15:26:44.986 INFO  =-=-=-=-=-=-=- Loading command(s) -=-=-=-=-=-=-= 
15:26:45.681 INFO  =-=-=-=-=-=-=- Loading event(s) -=-=-=-=-=-=-= 
15:26:53.452 INFO  -=-=-=-=-=-=-=-=-=-=-=-=-=-=-=-=-=-=-=-=-=-=-=-=-=-=-=-= 
15:26:53.453 INFO  ChibiKawaii#6151, ready to watch [546] users in [3] servers. 
15:26:53.454 INFO  -=-=-=-=-=-=-=-=-=-=-=-=-=-=-=-=-=-=-=-=-=-=-=-=-=-=-=-= 
15:31:00.459 INFO  =-=-=-=-=-=-=- Loading command(s) -=-=-=-=-=-=-= 
15:31:00.966 INFO  =-=-=-=-=-=-=- Loading event(s) -=-=-=-=-=-=-= 
15:31:08.068 INFO  -=-=-=-=-=-=-=-=-=-=-=-=-=-=-=-=-=-=-=-=-=-=-=-=-=-=-=-= 
15:31:08.070 INFO  ChibiKawaii#6151, ready to watch [546] users in [3] servers. 
15:31:08.072 INFO  -=-=-=-=-=-=-=-=-=-=-=-=-=-=-=-=-=-=-=-=-=-=-=-=-=-=-=-= 
15:31:22.160 ERROR Unhandled promise rejection: msg.edit is not a function. 
15:33:03.330 INFO  =-=-=-=-=-=-=- Loading command(s) -=-=-=-=-=-=-= 
15:33:03.909 INFO  =-=-=-=-=-=-=- Loading event(s) -=-=-=-=-=-=-= 
15:33:11.941 INFO  -=-=-=-=-=-=-=-=-=-=-=-=-=-=-=-=-=-=-=-=-=-=-=-=-=-=-=-= 
15:33:11.943 INFO  ChibiKawaii#6151, ready to watch [546] users in [3] servers. 
15:33:11.944 INFO  -=-=-=-=-=-=-=-=-=-=-=-=-=-=-=-=-=-=-=-=-=-=-=-=-=-=-=-= 
15:34:07.741 ERROR Unhandled promise rejection: amout is not defined. 
15:34:41.818 INFO  =-=-=-=-=-=-=- Loading command(s) -=-=-=-=-=-=-= 
15:34:42.275 INFO  =-=-=-=-=-=-=- Loading event(s) -=-=-=-=-=-=-= 
15:34:50.482 INFO  -=-=-=-=-=-=-=-=-=-=-=-=-=-=-=-=-=-=-=-=-=-=-=-=-=-=-=-= 
15:34:50.483 INFO  ChibiKawaii#6151, ready to watch [546] users in [3] servers. 
15:34:50.483 INFO  -=-=-=-=-=-=-=-=-=-=-=-=-=-=-=-=-=-=-=-=-=-=-=-=-=-=-=-= 
15:35:12.295 ERROR Unhandled promise rejection: Class constructor MessageEmbed cannot be invoked without 'new'. 
15:35:42.017 INFO  =-=-=-=-=-=-=- Loading command(s) -=-=-=-=-=-=-= 
15:35:42.466 INFO  =-=-=-=-=-=-=- Loading event(s) -=-=-=-=-=-=-= 
15:35:50.001 INFO  -=-=-=-=-=-=-=-=-=-=-=-=-=-=-=-=-=-=-=-=-=-=-=-=-=-=-=-= 
15:35:50.001 INFO  ChibiKawaii#6151, ready to watch [546] users in [3] servers. 
15:35:50.002 INFO  -=-=-=-=-=-=-=-=-=-=-=-=-=-=-=-=-=-=-=-=-=-=-=-=-=-=-=-= 
15:36:04.278 ERROR Unhandled promise rejection: member is not defined. 
15:36:08.620 ERROR Unhandled promise rejection: member is not defined. 
15:36:35.021 INFO  =-=-=-=-=-=-=- Loading command(s) -=-=-=-=-=-=-= 
15:36:35.364 INFO  =-=-=-=-=-=-=- Loading event(s) -=-=-=-=-=-=-= 
15:36:43.428 INFO  -=-=-=-=-=-=-=-=-=-=-=-=-=-=-=-=-=-=-=-=-=-=-=-=-=-=-=-= 
15:36:43.428 INFO  ChibiKawaii#6151, ready to watch [546] users in [3] servers. 
15:36:43.429 INFO  -=-=-=-=-=-=-=-=-=-=-=-=-=-=-=-=-=-=-=-=-=-=-=-=-=-=-=-= 
15:39:49.076 INFO  =-=-=-=-=-=-=- Loading command(s) -=-=-=-=-=-=-= 
15:39:49.596 INFO  =-=-=-=-=-=-=- Loading event(s) -=-=-=-=-=-=-= 
15:39:56.562 INFO  -=-=-=-=-=-=-=-=-=-=-=-=-=-=-=-=-=-=-=-=-=-=-=-=-=-=-=-= 
15:39:56.563 INFO  ChibiKawaii#6151, ready to watch [546] users in [3] servers. 
15:39:56.564 INFO  -=-=-=-=-=-=-=-=-=-=-=-=-=-=-=-=-=-=-=-=-=-=-=-=-=-=-=-= 
15:40:28.901 INFO  =-=-=-=-=-=-=- Loading command(s) -=-=-=-=-=-=-= 
15:40:29.628 INFO  =-=-=-=-=-=-=- Loading event(s) -=-=-=-=-=-=-= 
15:40:37.545 INFO  -=-=-=-=-=-=-=-=-=-=-=-=-=-=-=-=-=-=-=-=-=-=-=-=-=-=-=-= 
15:40:37.547 INFO  ChibiKawaii#6151, ready to watch [546] users in [3] servers. 
15:40:37.549 INFO  -=-=-=-=-=-=-=-=-=-=-=-=-=-=-=-=-=-=-=-=-=-=-=-=-=-=-=-= 
15:40:55.457 ERROR Unhandled promise rejection: Cannot send an empty message. 
15:45:52.048 INFO  =-=-=-=-=-=-=- Loading command(s) -=-=-=-=-=-=-= 
15:45:52.428 INFO  =-=-=-=-=-=-=- Loading event(s) -=-=-=-=-=-=-= 
15:46:00.215 INFO  -=-=-=-=-=-=-=-=-=-=-=-=-=-=-=-=-=-=-=-=-=-=-=-=-=-=-=-= 
15:46:00.215 INFO  ChibiKawaii#6151, ready to watch [546] users in [3] servers. 
15:46:00.216 INFO  -=-=-=-=-=-=-=-=-=-=-=-=-=-=-=-=-=-=-=-=-=-=-=-=-=-=-=-= 
15:46:17.689 ERROR Unhandled promise rejection: Cannot send an empty message. 
15:47:56.597 INFO  =-=-=-=-=-=-=- Loading command(s) -=-=-=-=-=-=-= 
15:47:56.950 INFO  =-=-=-=-=-=-=- Loading event(s) -=-=-=-=-=-=-= 
15:48:06.059 INFO  -=-=-=-=-=-=-=-=-=-=-=-=-=-=-=-=-=-=-=-=-=-=-=-=-=-=-=-= 
15:48:06.061 INFO  ChibiKawaii#6151, ready to watch [546] users in [3] servers. 
15:48:06.062 INFO  -=-=-=-=-=-=-=-=-=-=-=-=-=-=-=-=-=-=-=-=-=-=-=-=-=-=-=-= 
16:02:28.238 INFO  =-=-=-=-=-=-=- Loading command(s) -=-=-=-=-=-=-= 
16:02:28.739 INFO  =-=-=-=-=-=-=- Loading event(s) -=-=-=-=-=-=-= 
16:02:36.164 INFO  -=-=-=-=-=-=-=-=-=-=-=-=-=-=-=-=-=-=-=-=-=-=-=-=-=-=-=-= 
16:02:36.166 INFO  ChibiKawaii#6151, ready to watch [545] users in [3] servers. 
16:02:36.166 INFO  -=-=-=-=-=-=-=-=-=-=-=-=-=-=-=-=-=-=-=-=-=-=-=-=-=-=-=-= 
16:11:31.077 INFO  =-=-=-=-=-=-=- Loading command(s) -=-=-=-=-=-=-= 
16:11:31.464 INFO  =-=-=-=-=-=-=- Loading event(s) -=-=-=-=-=-=-= 
16:11:39.798 INFO  -=-=-=-=-=-=-=-=-=-=-=-=-=-=-=-=-=-=-=-=-=-=-=-=-=-=-=-= 
16:11:39.798 INFO  ChibiKawaii#6151, ready to watch [545] users in [3] servers. 
16:11:39.799 INFO  -=-=-=-=-=-=-=-=-=-=-=-=-=-=-=-=-=-=-=-=-=-=-=-=-=-=-=-= 
16:12:13.947 ERROR Unhandled promise rejection: message.member.addRole is not a function. 
16:14:51.046 INFO  =-=-=-=-=-=-=- Loading command(s) -=-=-=-=-=-=-= 
16:14:51.696 INFO  =-=-=-=-=-=-=- Loading event(s) -=-=-=-=-=-=-= 
16:14:58.928 INFO  -=-=-=-=-=-=-=-=-=-=-=-=-=-=-=-=-=-=-=-=-=-=-=-=-=-=-=-= 
16:14:58.929 INFO  ChibiKawaii#6151, ready to watch [545] users in [3] servers. 
16:14:58.930 INFO  -=-=-=-=-=-=-=-=-=-=-=-=-=-=-=-=-=-=-=-=-=-=-=-=-=-=-=-= 
16:15:31.526 ERROR Unhandled promise rejection: Cannot read property 'roles' of undefined. 
16:15:48.935 INFO  =-=-=-=-=-=-=- Loading command(s) -=-=-=-=-=-=-= 
16:15:49.997 INFO  =-=-=-=-=-=-=- Loading event(s) -=-=-=-=-=-=-= 
16:15:58.566 INFO  -=-=-=-=-=-=-=-=-=-=-=-=-=-=-=-=-=-=-=-=-=-=-=-=-=-=-=-= 
16:15:58.567 INFO  ChibiKawaii#6151, ready to watch [545] users in [3] servers. 
16:15:58.567 INFO  -=-=-=-=-=-=-=-=-=-=-=-=-=-=-=-=-=-=-=-=-=-=-=-=-=-=-=-= 
16:16:13.201 ERROR Unhandled promise rejection: message.member.roles.cache.add is not a function. 
16:16:25.448 INFO  =-=-=-=-=-=-=- Loading command(s) -=-=-=-=-=-=-= 
16:16:26.149 INFO  =-=-=-=-=-=-=- Loading event(s) -=-=-=-=-=-=-= 
16:16:34.681 INFO  -=-=-=-=-=-=-=-=-=-=-=-=-=-=-=-=-=-=-=-=-=-=-=-=-=-=-=-= 
16:16:34.683 INFO  ChibiKawaii#6151, ready to watch [545] users in [3] servers. 
16:16:34.684 INFO  -=-=-=-=-=-=-=-=-=-=-=-=-=-=-=-=-=-=-=-=-=-=-=-=-=-=-=-= 
16:18:05.354 INFO  =-=-=-=-=-=-=- Loading command(s) -=-=-=-=-=-=-= 
16:18:05.714 INFO  =-=-=-=-=-=-=- Loading event(s) -=-=-=-=-=-=-= 
16:18:12.686 INFO  -=-=-=-=-=-=-=-=-=-=-=-=-=-=-=-=-=-=-=-=-=-=-=-=-=-=-=-= 
16:18:12.687 INFO  ChibiKawaii#6151, ready to watch [545] users in [3] servers. 
16:18:12.688 INFO  -=-=-=-=-=-=-=-=-=-=-=-=-=-=-=-=-=-=-=-=-=-=-=-=-=-=-=-= 
17:31:05.535 INFO  =-=-=-=-=-=-=- Loading command(s) -=-=-=-=-=-=-= 
17:31:06.678 INFO  =-=-=-=-=-=-=- Loading event(s) -=-=-=-=-=-=-= 
17:31:08.936 INFO  -=-=-=-=-=-=-=-=-=-=-=-=-=-=-=-=-=-=-=-=-=-=-=-=-=-=-=-= 
17:31:08.937 INFO  ChibiKawaii#6151, ready to watch [545] users in [3] servers. 
17:31:08.938 INFO  -=-=-=-=-=-=-=-=-=-=-=-=-=-=-=-=-=-=-=-=-=-=-=-=-=-=-=-= 
18:04:20.029 INFO  =-=-=-=-=-=-=- Loading command(s) -=-=-=-=-=-=-= 
18:04:21.379 INFO  =-=-=-=-=-=-=- Loading event(s) -=-=-=-=-=-=-= 
18:04:23.525 INFO  -=-=-=-=-=-=-=-=-=-=-=-=-=-=-=-=-=-=-=-=-=-=-=-=-=-=-=-= 
18:04:23.526 INFO  ChibiKawaii#6151, ready to watch [545] users in [3] servers. 
18:04:23.527 INFO  -=-=-=-=-=-=-=-=-=-=-=-=-=-=-=-=-=-=-=-=-=-=-=-=-=-=-=-= 
18:04:38.046 ERROR Unhandled promise rejection: db.fect is not a function. 
18:05:56.246 INFO  =-=-=-=-=-=-=- Loading command(s) -=-=-=-=-=-=-= 
18:05:56.704 INFO  =-=-=-=-=-=-=- Loading event(s) -=-=-=-=-=-=-= 
18:05:58.697 INFO  -=-=-=-=-=-=-=-=-=-=-=-=-=-=-=-=-=-=-=-=-=-=-=-=-=-=-=-= 
18:05:58.699 INFO  ChibiKawaii#6151, ready to watch [545] users in [3] servers. 
18:05:58.700 INFO  -=-=-=-=-=-=-=-=-=-=-=-=-=-=-=-=-=-=-=-=-=-=-=-=-=-=-=-= 
18:06:39.937 ERROR Unhandled promise rejection: db is not defined. 
18:07:09.896 INFO  =-=-=-=-=-=-=- Loading command(s) -=-=-=-=-=-=-= 
18:07:10.169 INFO  =-=-=-=-=-=-=- Loading event(s) -=-=-=-=-=-=-= 
18:07:12.342 INFO  -=-=-=-=-=-=-=-=-=-=-=-=-=-=-=-=-=-=-=-=-=-=-=-=-=-=-=-= 
18:07:12.343 INFO  ChibiKawaii#6151, ready to watch [545] users in [3] servers. 
18:07:12.343 INFO  -=-=-=-=-=-=-=-=-=-=-=-=-=-=-=-=-=-=-=-=-=-=-=-=-=-=-=-= 
18:34:33.028 ERROR Unhandled promise rejection: Unknown Webhook. 
18:50:33.765 INFO  =-=-=-=-=-=-=- Loading command(s) -=-=-=-=-=-=-= 
18:50:34.814 INFO  =-=-=-=-=-=-=- Loading event(s) -=-=-=-=-=-=-= 
18:50:37.320 INFO  -=-=-=-=-=-=-=-=-=-=-=-=-=-=-=-=-=-=-=-=-=-=-=-=-=-=-=-= 
18:50:37.341 INFO  ChibiKawaii#6151, ready to watch [545] users in [3] servers. 
18:50:37.346 INFO  -=-=-=-=-=-=-=-=-=-=-=-=-=-=-=-=-=-=-=-=-=-=-=-=-=-=-=-= 
18:54:54.632 ERROR Unhandled promise rejection: Unknown Webhook. 
18:56:26.352 INFO  =-=-=-=-=-=-=- Loading command(s) -=-=-=-=-=-=-= 
18:56:26.643 INFO  =-=-=-=-=-=-=- Loading event(s) -=-=-=-=-=-=-= 
18:56:29.372 INFO  -=-=-=-=-=-=-=-=-=-=-=-=-=-=-=-=-=-=-=-=-=-=-=-=-=-=-=-= 
18:56:29.373 INFO  ChibiKawaii#6151, ready to watch [545] users in [3] servers. 
18:56:29.374 INFO  -=-=-=-=-=-=-=-=-=-=-=-=-=-=-=-=-=-=-=-=-=-=-=-=-=-=-=-= 
19:05:21.327 ERROR Unhandled promise rejection: Unknown Webhook. 
19:09:10.017 INFO  =-=-=-=-=-=-=- Loading command(s) -=-=-=-=-=-=-= 
19:09:10.869 INFO  =-=-=-=-=-=-=- Loading event(s) -=-=-=-=-=-=-= 
19:09:13.268 INFO  -=-=-=-=-=-=-=-=-=-=-=-=-=-=-=-=-=-=-=-=-=-=-=-=-=-=-=-= 
19:09:13.269 INFO  ChibiKawaii#6151, ready to watch [545] users in [3] servers. 
19:09:13.270 INFO  -=-=-=-=-=-=-=-=-=-=-=-=-=-=-=-=-=-=-=-=-=-=-=-=-=-=-=-= 
20:41:45.633 INFO  =-=-=-=-=-=-=- Loading command(s) -=-=-=-=-=-=-= 
20:41:45.983 INFO  =-=-=-=-=-=-=- Loading event(s) -=-=-=-=-=-=-= 
20:41:53.466 INFO  -=-=-=-=-=-=-=-=-=-=-=-=-=-=-=-=-=-=-=-=-=-=-=-=-=-=-=-= 
20:41:53.467 INFO  ChibiKawaii#6151, ready to watch [545] users in [3] servers. 
20:41:53.467 INFO  -=-=-=-=-=-=-=-=-=-=-=-=-=-=-=-=-=-=-=-=-=-=-=-=-=-=-=-= 
20:42:58.094 ERROR Unhandled promise rejection: (intermediate value).setTitle(...).setImage(...).setFooter(...).then is not a function. 
20:43:53.968 INFO  =-=-=-=-=-=-=- Loading command(s) -=-=-=-=-=-=-= 
20:43:54.578 INFO  =-=-=-=-=-=-=- Loading event(s) -=-=-=-=-=-=-= 
20:44:01.266 INFO  -=-=-=-=-=-=-=-=-=-=-=-=-=-=-=-=-=-=-=-=-=-=-=-=-=-=-=-= 
20:44:01.269 INFO  ChibiKawaii#6151, ready to watch [545] users in [3] servers. 
20:44:01.272 INFO  -=-=-=-=-=-=-=-=-=-=-=-=-=-=-=-=-=-=-=-=-=-=-=-=-=-=-=-= 
20:44:49.110 INFO  =-=-=-=-=-=-=- Loading command(s) -=-=-=-=-=-=-= 
20:44:49.551 INFO  =-=-=-=-=-=-=- Loading event(s) -=-=-=-=-=-=-= 
20:44:56.356 INFO  -=-=-=-=-=-=-=-=-=-=-=-=-=-=-=-=-=-=-=-=-=-=-=-=-=-=-=-= 
20:44:56.357 INFO  ChibiKawaii#6151, ready to watch [545] users in [3] servers. 
20:44:56.358 INFO  -=-=-=-=-=-=-=-=-=-=-=-=-=-=-=-=-=-=-=-=-=-=-=-=-=-=-=-= 
20:47:31.011 INFO  =-=-=-=-=-=-=- Loading command(s) -=-=-=-=-=-=-= 
20:47:31.653 INFO  =-=-=-=-=-=-=- Loading event(s) -=-=-=-=-=-=-= 
20:47:38.499 INFO  -=-=-=-=-=-=-=-=-=-=-=-=-=-=-=-=-=-=-=-=-=-=-=-=-=-=-=-= 
20:47:38.499 INFO  ChibiKawaii#6151, ready to watch [545] users in [3] servers. 
20:47:38.500 INFO  -=-=-=-=-=-=-=-=-=-=-=-=-=-=-=-=-=-=-=-=-=-=-=-=-=-=-=-= 
20:49:46.750 INFO  =-=-=-=-=-=-=- Loading command(s) -=-=-=-=-=-=-= 
20:49:47.070 INFO  =-=-=-=-=-=-=- Loading event(s) -=-=-=-=-=-=-= 
20:49:54.481 INFO  -=-=-=-=-=-=-=-=-=-=-=-=-=-=-=-=-=-=-=-=-=-=-=-=-=-=-=-= 
20:49:54.482 INFO  ChibiKawaii#6151, ready to watch [545] users in [3] servers. 
20:49:54.482 INFO  -=-=-=-=-=-=-=-=-=-=-=-=-=-=-=-=-=-=-=-=-=-=-=-=-=-=-=-= 
20:51:42.473 INFO  =-=-=-=-=-=-=- Loading command(s) -=-=-=-=-=-=-= 
20:51:42.901 INFO  =-=-=-=-=-=-=- Loading event(s) -=-=-=-=-=-=-= 
20:51:50.580 INFO  -=-=-=-=-=-=-=-=-=-=-=-=-=-=-=-=-=-=-=-=-=-=-=-=-=-=-=-= 
20:51:50.581 INFO  ChibiKawaii#6151, ready to watch [545] users in [3] servers. 
20:51:50.582 INFO  -=-=-=-=-=-=-=-=-=-=-=-=-=-=-=-=-=-=-=-=-=-=-=-=-=-=-=-= 
20:51:53.060 ERROR Unhandled promise rejection: (intermediate value).setTitle(...).setImage(...).setFooter(...).then is not a function. 
20:55:00.906 INFO  =-=-=-=-=-=-=- Loading command(s) -=-=-=-=-=-=-= 
20:55:01.238 INFO  =-=-=-=-=-=-=- Loading event(s) -=-=-=-=-=-=-= 
20:55:08.877 INFO  -=-=-=-=-=-=-=-=-=-=-=-=-=-=-=-=-=-=-=-=-=-=-=-=-=-=-=-= 
20:55:08.879 INFO  ChibiKawaii#6151, ready to watch [545] users in [3] servers. 
20:55:08.880 INFO  -=-=-=-=-=-=-=-=-=-=-=-=-=-=-=-=-=-=-=-=-=-=-=-=-=-=-=-= 
20:55:50.934 INFO  =-=-=-=-=-=-=- Loading command(s) -=-=-=-=-=-=-= 
20:55:51.411 INFO  =-=-=-=-=-=-=- Loading event(s) -=-=-=-=-=-=-= 
20:55:58.523 INFO  -=-=-=-=-=-=-=-=-=-=-=-=-=-=-=-=-=-=-=-=-=-=-=-=-=-=-=-= 
20:55:58.526 INFO  ChibiKawaii#6151, ready to watch [545] users in [3] servers. 
20:55:58.528 INFO  -=-=-=-=-=-=-=-=-=-=-=-=-=-=-=-=-=-=-=-=-=-=-=-=-=-=-=-= 
20:57:44.358 ERROR Unhandled promise rejection: Unknown Webhook. 
21:00:48.328 ERROR Unhandled promise rejection: Unknown Webhook. 
21:01:30.216 INFO  =-=-=-=-=-=-=- Loading command(s) -=-=-=-=-=-=-= 
21:01:30.703 INFO  =-=-=-=-=-=-=- Loading event(s) -=-=-=-=-=-=-= 
21:01:37.958 INFO  -=-=-=-=-=-=-=-=-=-=-=-=-=-=-=-=-=-=-=-=-=-=-=-=-=-=-=-= 
21:01:37.960 INFO  ChibiKawaii#6151, ready to watch [544] users in [3] servers. 
21:01:37.961 INFO  -=-=-=-=-=-=-=-=-=-=-=-=-=-=-=-=-=-=-=-=-=-=-=-=-=-=-=-= 
21:03:59.102 ERROR Unhandled promise rejection: (intermediate value).setTitle(...).setImage(...).setFooter(...).then is not a function. 
21:03:59.157 ERROR Unhandled promise rejection: (intermediate value).setTitle(...).setImage(...).setFooter(...).then is not a function. 
21:04:09.752 INFO  =-=-=-=-=-=-=- Loading command(s) -=-=-=-=-=-=-= 
21:04:10.236 INFO  =-=-=-=-=-=-=- Loading event(s) -=-=-=-=-=-=-= 
21:04:18.352 INFO  -=-=-=-=-=-=-=-=-=-=-=-=-=-=-=-=-=-=-=-=-=-=-=-=-=-=-=-= 
21:04:18.356 INFO  ChibiKawaii#6151, ready to watch [544] users in [3] servers. 
21:04:18.357 INFO  -=-=-=-=-=-=-=-=-=-=-=-=-=-=-=-=-=-=-=-=-=-=-=-=-=-=-=-= 
21:04:20.966 ERROR Unhandled promise rejection: (intermediate value).setTitle(...).setImage(...).setFooter(...).then is not a function. 
21:05:59.484 INFO  =-=-=-=-=-=-=- Loading command(s) -=-=-=-=-=-=-= 
21:05:59.980 INFO  =-=-=-=-=-=-=- Loading event(s) -=-=-=-=-=-=-= 
21:06:08.016 INFO  -=-=-=-=-=-=-=-=-=-=-=-=-=-=-=-=-=-=-=-=-=-=-=-=-=-=-=-= 
21:06:08.016 INFO  ChibiKawaii#6151, ready to watch [544] users in [3] servers. 
21:06:08.017 INFO  -=-=-=-=-=-=-=-=-=-=-=-=-=-=-=-=-=-=-=-=-=-=-=-=-=-=-=-= 
21:07:19.783 INFO  =-=-=-=-=-=-=- Loading command(s) -=-=-=-=-=-=-= 
21:07:20.274 INFO  =-=-=-=-=-=-=- Loading event(s) -=-=-=-=-=-=-= 
21:07:27.433 INFO  -=-=-=-=-=-=-=-=-=-=-=-=-=-=-=-=-=-=-=-=-=-=-=-=-=-=-=-= 
21:07:27.434 INFO  ChibiKawaii#6151, ready to watch [544] users in [3] servers. 
21:07:27.435 INFO  -=-=-=-=-=-=-=-=-=-=-=-=-=-=-=-=-=-=-=-=-=-=-=-=-=-=-=-= 
21:07:32.960 ERROR Unhandled promise rejection: (intermediate value).setTitle(...).setImage(...).setFooter(...).then is not a function. 
21:07:49.314 INFO  =-=-=-=-=-=-=- Loading command(s) -=-=-=-=-=-=-= 
21:07:49.698 INFO  =-=-=-=-=-=-=- Loading event(s) -=-=-=-=-=-=-= 
21:07:58.995 INFO  -=-=-=-=-=-=-=-=-=-=-=-=-=-=-=-=-=-=-=-=-=-=-=-=-=-=-=-= 
21:07:58.996 INFO  ChibiKawaii#6151, ready to watch [544] users in [3] servers. 
21:07:58.997 INFO  -=-=-=-=-=-=-=-=-=-=-=-=-=-=-=-=-=-=-=-=-=-=-=-=-=-=-=-= 
21:09:04.227 ERROR Unhandled promise rejection: (intermediate value).setTitle(...).setImage(...).setFooter(...).then is not a function. 
21:14:20.549 INFO  =-=-=-=-=-=-=- Loading command(s) -=-=-=-=-=-=-= 
21:14:21.000 INFO  =-=-=-=-=-=-=- Loading event(s) -=-=-=-=-=-=-= 
21:14:28.518 INFO  -=-=-=-=-=-=-=-=-=-=-=-=-=-=-=-=-=-=-=-=-=-=-=-=-=-=-=-= 
21:14:28.519 INFO  ChibiKawaii#6151, ready to watch [544] users in [3] servers. 
21:14:28.520 INFO  -=-=-=-=-=-=-=-=-=-=-=-=-=-=-=-=-=-=-=-=-=-=-=-=-=-=-=-= 
21:17:41.288 INFO  =-=-=-=-=-=-=- Loading command(s) -=-=-=-=-=-=-= 
21:17:41.638 INFO  =-=-=-=-=-=-=- Loading event(s) -=-=-=-=-=-=-= 
21:17:49.060 INFO  -=-=-=-=-=-=-=-=-=-=-=-=-=-=-=-=-=-=-=-=-=-=-=-=-=-=-=-= 
21:17:49.060 INFO  ChibiKawaii#6151, ready to watch [544] users in [3] servers. 
21:17:49.061 INFO  -=-=-=-=-=-=-=-=-=-=-=-=-=-=-=-=-=-=-=-=-=-=-=-=-=-=-=-= 
21:21:58.781 INFO  =-=-=-=-=-=-=- Loading command(s) -=-=-=-=-=-=-= 
21:21:59.218 INFO  =-=-=-=-=-=-=- Loading event(s) -=-=-=-=-=-=-= 
21:22:06.585 INFO  -=-=-=-=-=-=-=-=-=-=-=-=-=-=-=-=-=-=-=-=-=-=-=-=-=-=-=-= 
21:22:06.591 INFO  ChibiKawaii#6151, ready to watch [544] users in [3] servers. 
21:22:06.592 INFO  -=-=-=-=-=-=-=-=-=-=-=-=-=-=-=-=-=-=-=-=-=-=-=-=-=-=-=-= 
21:23:34.444 INFO  =-=-=-=-=-=-=- Loading command(s) -=-=-=-=-=-=-= 
21:23:35.111 INFO  =-=-=-=-=-=-=- Loading event(s) -=-=-=-=-=-=-= 
21:23:42.441 INFO  -=-=-=-=-=-=-=-=-=-=-=-=-=-=-=-=-=-=-=-=-=-=-=-=-=-=-=-= 
21:23:42.444 INFO  ChibiKawaii#6151, ready to watch [544] users in [3] servers. 
21:23:42.445 INFO  -=-=-=-=-=-=-=-=-=-=-=-=-=-=-=-=-=-=-=-=-=-=-=-=-=-=-=-= 
21:23:45.348 ERROR Unhandled promise rejection: (intermediate value).setTitle(...).setImage(...).setFooter(...).then is not a function. 
21:24:08.485 INFO  =-=-=-=-=-=-=- Loading command(s) -=-=-=-=-=-=-= 
21:24:08.875 INFO  =-=-=-=-=-=-=- Loading event(s) -=-=-=-=-=-=-= 
21:24:16.609 INFO  -=-=-=-=-=-=-=-=-=-=-=-=-=-=-=-=-=-=-=-=-=-=-=-=-=-=-=-= 
21:24:16.609 INFO  ChibiKawaii#6151, ready to watch [544] users in [3] servers. 
21:24:16.610 INFO  -=-=-=-=-=-=-=-=-=-=-=-=-=-=-=-=-=-=-=-=-=-=-=-=-=-=-=-= 
21:24:35.565 ERROR Unhandled promise rejection: (intermediate value).setTitle(...).setImage(...).setFooter(...).then is not a function. 
21:24:37.667 ERROR Unhandled promise rejection: (intermediate value).setTitle(...).setImage(...).setFooter(...).then is not a function. 
21:24:42.791 ERROR Unhandled promise rejection: (intermediate value).setTitle(...).setImage(...).setFooter(...).then is not a function. 
21:24:56.237 INFO  =-=-=-=-=-=-=- Loading command(s) -=-=-=-=-=-=-= 
21:24:56.655 INFO  =-=-=-=-=-=-=- Loading event(s) -=-=-=-=-=-=-= 
21:25:04.410 INFO  -=-=-=-=-=-=-=-=-=-=-=-=-=-=-=-=-=-=-=-=-=-=-=-=-=-=-=-= 
21:25:04.410 INFO  ChibiKawaii#6151, ready to watch [544] users in [3] servers. 
21:25:04.411 INFO  -=-=-=-=-=-=-=-=-=-=-=-=-=-=-=-=-=-=-=-=-=-=-=-=-=-=-=-= 
21:25:34.893 ERROR Unhandled promise rejection: (intermediate value).setTitle(...).setImage(...).setFooter(...).then is not a function. 
21:26:11.356 INFO  =-=-=-=-=-=-=- Loading command(s) -=-=-=-=-=-=-= 
21:26:11.814 INFO  =-=-=-=-=-=-=- Loading event(s) -=-=-=-=-=-=-= 
21:26:16.580 INFO  -=-=-=-=-=-=-=-=-=-=-=-=-=-=-=-=-=-=-=-=-=-=-=-=-=-=-=-= 
21:26:16.583 INFO  ChibiKawaii#6151, ready to watch [544] users in [3] servers. 
21:26:16.583 INFO  -=-=-=-=-=-=-=-=-=-=-=-=-=-=-=-=-=-=-=-=-=-=-=-=-=-=-=-= 
21:26:29.671 INFO  =-=-=-=-=-=-=- Loading command(s) -=-=-=-=-=-=-= 
21:26:30.168 INFO  =-=-=-=-=-=-=- Loading event(s) -=-=-=-=-=-=-= 
21:26:37.869 INFO  -=-=-=-=-=-=-=-=-=-=-=-=-=-=-=-=-=-=-=-=-=-=-=-=-=-=-=-= 
21:26:37.870 INFO  ChibiKawaii#6151, ready to watch [544] users in [3] servers. 
21:26:37.871 INFO  -=-=-=-=-=-=-=-=-=-=-=-=-=-=-=-=-=-=-=-=-=-=-=-=-=-=-=-= 
21:26:56.628 ERROR Unhandled promise rejection: Cannot read property 'edit' of undefined. 
21:27:00.042 ERROR Unhandled promise rejection: Invalid cash and bank parameter provided. 
21:27:01.110 ERROR Unhandled promise rejection: Cannot read property 'edit' of undefined. 
21:27:54.180 INFO  =-=-=-=-=-=-=- Loading command(s) -=-=-=-=-=-=-= 
21:27:54.848 INFO  =-=-=-=-=-=-=- Loading event(s) -=-=-=-=-=-=-= 
21:28:05.143 INFO  -=-=-=-=-=-=-=-=-=-=-=-=-=-=-=-=-=-=-=-=-=-=-=-=-=-=-=-= 
21:28:05.144 INFO  ChibiKawaii#6151, ready to watch [544] users in [3] servers. 
21:28:05.145 INFO  -=-=-=-=-=-=-=-=-=-=-=-=-=-=-=-=-=-=-=-=-=-=-=-=-=-=-=-= 
21:29:11.326 INFO  =-=-=-=-=-=-=- Loading command(s) -=-=-=-=-=-=-= 
21:29:11.808 INFO  =-=-=-=-=-=-=- Loading event(s) -=-=-=-=-=-=-= 
21:29:19.868 INFO  -=-=-=-=-=-=-=-=-=-=-=-=-=-=-=-=-=-=-=-=-=-=-=-=-=-=-=-= 
21:29:19.869 INFO  ChibiKawaii#6151, ready to watch [544] users in [3] servers. 
21:29:19.869 INFO  -=-=-=-=-=-=-=-=-=-=-=-=-=-=-=-=-=-=-=-=-=-=-=-=-=-=-=-= 
21:29:59.151 ERROR Unhandled promise rejection: amount is not defined. 
21:30:18.215 ERROR Unhandled promise rejection: connect ETIMEDOUT 172.67.75.162:443. 
21:30:32.249 INFO  =-=-=-=-=-=-=- Loading command(s) -=-=-=-=-=-=-= 
21:30:32.596 INFO  =-=-=-=-=-=-=- Loading event(s) -=-=-=-=-=-=-= 
21:30:40.661 INFO  -=-=-=-=-=-=-=-=-=-=-=-=-=-=-=-=-=-=-=-=-=-=-=-=-=-=-=-= 
21:30:40.663 INFO  ChibiKawaii#6151, ready to watch [544] users in [3] servers. 
21:30:40.665 INFO  -=-=-=-=-=-=-=-=-=-=-=-=-=-=-=-=-=-=-=-=-=-=-=-=-=-=-=-= 
21:30:57.894 ERROR Unhandled promise rejection: Cannot access 'gangName' before initialization. 
21:31:08.053 INFO  =-=-=-=-=-=-=- Loading command(s) -=-=-=-=-=-=-= 
21:31:08.394 INFO  =-=-=-=-=-=-=- Loading event(s) -=-=-=-=-=-=-= 
21:31:16.023 INFO  -=-=-=-=-=-=-=-=-=-=-=-=-=-=-=-=-=-=-=-=-=-=-=-=-=-=-=-= 
21:31:16.024 INFO  ChibiKawaii#6151, ready to watch [544] users in [3] servers. 
21:31:16.024 INFO  -=-=-=-=-=-=-=-=-=-=-=-=-=-=-=-=-=-=-=-=-=-=-=-=-=-=-=-= 
21:31:36.638 ERROR Unhandled promise rejection: Invalid cash and bank parameter provided. 
21:32:30.355 ERROR Unhandled promise rejection: Unknown Webhook. 
21:33:09.989 INFO  =-=-=-=-=-=-=- Loading command(s) -=-=-=-=-=-=-= 
21:33:10.400 INFO  =-=-=-=-=-=-=- Loading event(s) -=-=-=-=-=-=-= 
21:33:18.187 INFO  -=-=-=-=-=-=-=-=-=-=-=-=-=-=-=-=-=-=-=-=-=-=-=-=-=-=-=-= 
21:33:18.188 INFO  ChibiKawaii#6151, ready to watch [544] users in [3] servers. 
21:33:18.188 INFO  -=-=-=-=-=-=-=-=-=-=-=-=-=-=-=-=-=-=-=-=-=-=-=-=-=-=-=-= 
21:34:18.876 INFO  =-=-=-=-=-=-=- Loading command(s) -=-=-=-=-=-=-= 
21:34:19.423 INFO  =-=-=-=-=-=-=- Loading event(s) -=-=-=-=-=-=-= 
21:34:28.293 INFO  -=-=-=-=-=-=-=-=-=-=-=-=-=-=-=-=-=-=-=-=-=-=-=-=-=-=-=-= 
21:34:28.293 INFO  ChibiKawaii#6151, ready to watch [544] users in [3] servers. 
21:34:28.294 INFO  -=-=-=-=-=-=-=-=-=-=-=-=-=-=-=-=-=-=-=-=-=-=-=-=-=-=-=-= 
21:34:37.453 ERROR Unhandled promise rejection: Cannot read property 'tag' of undefined. 
21:35:08.165 ERROR Unhandled promise rejection: Cannot read property 'tag' of undefined. 
21:36:15.450 INFO  =-=-=-=-=-=-=- Loading command(s) -=-=-=-=-=-=-= 
21:36:15.811 INFO  =-=-=-=-=-=-=- Loading event(s) -=-=-=-=-=-=-= 
21:36:23.348 INFO  -=-=-=-=-=-=-=-=-=-=-=-=-=-=-=-=-=-=-=-=-=-=-=-=-=-=-=-= 
21:36:23.350 INFO  ChibiKawaii#6151, ready to watch [544] users in [3] servers. 
21:36:23.351 INFO  -=-=-=-=-=-=-=-=-=-=-=-=-=-=-=-=-=-=-=-=-=-=-=-=-=-=-=-= 
21:37:09.325 INFO  =-=-=-=-=-=-=- Loading command(s) -=-=-=-=-=-=-= 
21:37:09.766 INFO  =-=-=-=-=-=-=- Loading event(s) -=-=-=-=-=-=-= 
21:37:17.536 INFO  -=-=-=-=-=-=-=-=-=-=-=-=-=-=-=-=-=-=-=-=-=-=-=-=-=-=-=-= 
21:37:17.536 INFO  ChibiKawaii#6151, ready to watch [545] users in [3] servers. 
21:37:17.537 INFO  -=-=-=-=-=-=-=-=-=-=-=-=-=-=-=-=-=-=-=-=-=-=-=-=-=-=-=-= 
21:37:39.922 ERROR Unhandled promise rejection: Cannot read property 'tag' of undefined. 
21:38:28.915 INFO  =-=-=-=-=-=-=- Loading command(s) -=-=-=-=-=-=-= 
21:38:30.113 INFO  =-=-=-=-=-=-=- Loading event(s) -=-=-=-=-=-=-= 
21:38:35.840 INFO  -=-=-=-=-=-=-=-=-=-=-=-=-=-=-=-=-=-=-=-=-=-=-=-=-=-=-=-= 
21:38:35.841 INFO  ChibiKawaii#6151, ready to watch [545] users in [3] servers. 
21:38:35.842 INFO  -=-=-=-=-=-=-=-=-=-=-=-=-=-=-=-=-=-=-=-=-=-=-=-=-=-=-=-= 
21:38:53.122 ERROR Unhandled promise rejection: Cannot read property 'author' of undefined. 
21:40:07.349 INFO  =-=-=-=-=-=-=- Loading command(s) -=-=-=-=-=-=-= 
21:40:07.712 INFO  =-=-=-=-=-=-=- Loading event(s) -=-=-=-=-=-=-= 
21:40:15.883 INFO  -=-=-=-=-=-=-=-=-=-=-=-=-=-=-=-=-=-=-=-=-=-=-=-=-=-=-=-= 
21:40:15.884 INFO  ChibiKawaii#6151, ready to watch [545] users in [3] servers. 
21:40:15.885 INFO  -=-=-=-=-=-=-=-=-=-=-=-=-=-=-=-=-=-=-=-=-=-=-=-=-=-=-=-= 
21:40:25.124 ERROR Unhandled promise rejection: Cannot read property 'tag' of undefined. 
21:40:45.023 INFO  =-=-=-=-=-=-=- Loading command(s) -=-=-=-=-=-=-= 
21:40:45.374 INFO  =-=-=-=-=-=-=- Loading event(s) -=-=-=-=-=-=-= 
21:40:52.365 INFO  -=-=-=-=-=-=-=-=-=-=-=-=-=-=-=-=-=-=-=-=-=-=-=-=-=-=-=-= 
21:40:52.366 INFO  ChibiKawaii#6151, ready to watch [545] users in [3] servers. 
21:40:52.367 INFO  -=-=-=-=-=-=-=-=-=-=-=-=-=-=-=-=-=-=-=-=-=-=-=-=-=-=-=-= 
21:40:57.603 ERROR Unhandled promise rejection: Cannot read property 'user' of undefined. 
21:43:58.298 INFO  =-=-=-=-=-=-=- Loading command(s) -=-=-=-=-=-=-= 
21:43:58.795 INFO  =-=-=-=-=-=-=- Loading event(s) -=-=-=-=-=-=-= 
21:44:07.178 INFO  -=-=-=-=-=-=-=-=-=-=-=-=-=-=-=-=-=-=-=-=-=-=-=-=-=-=-=-= 
21:44:07.179 INFO  ChibiKawaii#6151, ready to watch [545] users in [3] servers. 
21:44:07.180 INFO  -=-=-=-=-=-=-=-=-=-=-=-=-=-=-=-=-=-=-=-=-=-=-=-=-=-=-=-= 
21:44:18.457 ERROR Unhandled promise rejection: Cannot read property 'id' of undefined. 
21:50:18.020 INFO  =-=-=-=-=-=-=- Loading command(s) -=-=-=-=-=-=-= 
21:50:18.991 INFO  =-=-=-=-=-=-=- Loading event(s) -=-=-=-=-=-=-= 
21:50:28.823 INFO  -=-=-=-=-=-=-=-=-=-=-=-=-=-=-=-=-=-=-=-=-=-=-=-=-=-=-=-= 
21:50:28.824 INFO  ChibiKawaii#6151, ready to watch [544] users in [3] servers. 
21:50:28.825 INFO  -=-=-=-=-=-=-=-=-=-=-=-=-=-=-=-=-=-=-=-=-=-=-=-=-=-=-=-= 
21:50:38.329 ERROR Unhandled promise rejection: Cannot read property 'id' of undefined. 
21:52:20.289 INFO  =-=-=-=-=-=-=- Loading command(s) -=-=-=-=-=-=-= 
21:52:20.691 INFO  =-=-=-=-=-=-=- Loading event(s) -=-=-=-=-=-=-= 
21:52:31.903 INFO  -=-=-=-=-=-=-=-=-=-=-=-=-=-=-=-=-=-=-=-=-=-=-=-=-=-=-=-= 
21:52:31.906 INFO  ChibiKawaii#6151, ready to watch [544] users in [3] servers. 
21:52:31.907 INFO  -=-=-=-=-=-=-=-=-=-=-=-=-=-=-=-=-=-=-=-=-=-=-=-=-=-=-=-= 
21:56:22.254 INFO  =-=-=-=-=-=-=- Loading command(s) -=-=-=-=-=-=-= 
21:56:22.611 INFO  =-=-=-=-=-=-=- Loading event(s) -=-=-=-=-=-=-= 
21:56:31.582 INFO  -=-=-=-=-=-=-=-=-=-=-=-=-=-=-=-=-=-=-=-=-=-=-=-=-=-=-=-= 
21:56:31.585 INFO  ChibiKawaii#6151, ready to watch [544] users in [3] servers. 
21:56:31.586 INFO  -=-=-=-=-=-=-=-=-=-=-=-=-=-=-=-=-=-=-=-=-=-=-=-=-=-=-=-= 
