00:02:11.262 INFO  =-=-=-=-=-=-=- Loading command(s) -=-=-=-=-=-=-= 
00:02:12.225 INFO  =-=-=-=-=-=-=- Loading event(s) -=-=-=-=-=-=-= 
00:02:14.377 INFO  -=-=-=-=-=-=-=-=-=-=-=-=-=-=-=-=-=-=-=-=-=-=-=-=-=-=-=-= 
00:02:14.383 INFO  ChibiKawaii#6151, ready to watch [544] users in [3] servers. 
00:02:14.385 INFO  -=-=-=-=-=-=-=-=-=-=-=-=-=-=-=-=-=-=-=-=-=-=-=-=-=-=-=-= 
00:14:42.744 INFO  =-=-=-=-=-=-=- Loading command(s) -=-=-=-=-=-=-= 
00:14:43.776 INFO  =-=-=-=-=-=-=- Loading event(s) -=-=-=-=-=-=-= 
00:14:45.949 INFO  -=-=-=-=-=-=-=-=-=-=-=-=-=-=-=-=-=-=-=-=-=-=-=-=-=-=-=-= 
00:14:45.953 INFO  ChibiKawaii#6151, ready to watch [544] users in [3] servers. 
00:14:45.955 INFO  -=-=-=-=-=-=-=-=-=-=-=-=-=-=-=-=-=-=-=-=-=-=-=-=-=-=-=-= 
00:18:53.817 INFO  =-=-=-=-=-=-=- Loading command(s) -=-=-=-=-=-=-= 
00:18:54.171 INFO  =-=-=-=-=-=-=- Loading event(s) -=-=-=-=-=-=-= 
00:18:56.408 INFO  -=-=-=-=-=-=-=-=-=-=-=-=-=-=-=-=-=-=-=-=-=-=-=-=-=-=-=-= 
00:18:56.409 INFO  ChibiKawaii#6151, ready to watch [544] users in [3] servers. 
00:18:56.411 INFO  -=-=-=-=-=-=-=-=-=-=-=-=-=-=-=-=-=-=-=-=-=-=-=-=-=-=-=-= 
00:21:12.585 INFO  =-=-=-=-=-=-=- Loading command(s) -=-=-=-=-=-=-= 
00:21:13.009 INFO  =-=-=-=-=-=-=- Loading event(s) -=-=-=-=-=-=-= 
00:21:15.307 INFO  -=-=-=-=-=-=-=-=-=-=-=-=-=-=-=-=-=-=-=-=-=-=-=-=-=-=-=-= 
00:21:15.308 INFO  ChibiKawaii#6151, ready to watch [544] users in [3] servers. 
00:21:15.309 INFO  -=-=-=-=-=-=-=-=-=-=-=-=-=-=-=-=-=-=-=-=-=-=-=-=-=-=-=-= 
00:27:43.001 INFO  =-=-=-=-=-=-=- Loading command(s) -=-=-=-=-=-=-= 
00:27:43.697 INFO  =-=-=-=-=-=-=- Loading event(s) -=-=-=-=-=-=-= 
00:27:46.487 INFO  -=-=-=-=-=-=-=-=-=-=-=-=-=-=-=-=-=-=-=-=-=-=-=-=-=-=-=-= 
00:27:46.493 INFO  ChibiKawaii#6151, ready to watch [544] users in [3] servers. 
00:27:46.494 INFO  -=-=-=-=-=-=-=-=-=-=-=-=-=-=-=-=-=-=-=-=-=-=-=-=-=-=-=-= 
00:28:47.876 INFO  =-=-=-=-=-=-=- Loading command(s) -=-=-=-=-=-=-= 
00:28:48.470 INFO  =-=-=-=-=-=-=- Loading event(s) -=-=-=-=-=-=-= 
00:28:50.533 INFO  -=-=-=-=-=-=-=-=-=-=-=-=-=-=-=-=-=-=-=-=-=-=-=-=-=-=-=-= 
00:28:50.534 INFO  ChibiKawaii#6151, ready to watch [544] users in [3] servers. 
00:28:50.535 INFO  -=-=-=-=-=-=-=-=-=-=-=-=-=-=-=-=-=-=-=-=-=-=-=-=-=-=-=-= 
00:30:43.013 INFO  =-=-=-=-=-=-=- Loading command(s) -=-=-=-=-=-=-= 
00:30:43.332 INFO  =-=-=-=-=-=-=- Loading event(s) -=-=-=-=-=-=-= 
00:30:45.359 INFO  -=-=-=-=-=-=-=-=-=-=-=-=-=-=-=-=-=-=-=-=-=-=-=-=-=-=-=-= 
00:30:45.360 INFO  ChibiKawaii#6151, ready to watch [544] users in [3] servers. 
00:30:45.361 INFO  -=-=-=-=-=-=-=-=-=-=-=-=-=-=-=-=-=-=-=-=-=-=-=-=-=-=-=-= 
00:32:22.570 INFO  =-=-=-=-=-=-=- Loading command(s) -=-=-=-=-=-=-= 
00:32:22.999 INFO  =-=-=-=-=-=-=- Loading event(s) -=-=-=-=-=-=-= 
00:32:25.240 INFO  -=-=-=-=-=-=-=-=-=-=-=-=-=-=-=-=-=-=-=-=-=-=-=-=-=-=-=-= 
00:32:25.240 INFO  ChibiKawaii#6151, ready to watch [544] users in [3] servers. 
00:32:25.241 INFO  -=-=-=-=-=-=-=-=-=-=-=-=-=-=-=-=-=-=-=-=-=-=-=-=-=-=-=-= 
00:40:47.374 INFO  =-=-=-=-=-=-=- Loading command(s) -=-=-=-=-=-=-= 
00:40:47.697 INFO  =-=-=-=-=-=-=- Loading event(s) -=-=-=-=-=-=-= 
00:40:49.836 INFO  -=-=-=-=-=-=-=-=-=-=-=-=-=-=-=-=-=-=-=-=-=-=-=-=-=-=-=-= 
00:40:49.837 INFO  ChibiKawaii#6151, ready to watch [544] users in [3] servers. 
00:40:49.837 INFO  -=-=-=-=-=-=-=-=-=-=-=-=-=-=-=-=-=-=-=-=-=-=-=-=-=-=-=-= 
00:43:02.914 INFO  =-=-=-=-=-=-=- Loading command(s) -=-=-=-=-=-=-= 
00:43:03.275 INFO  =-=-=-=-=-=-=- Loading event(s) -=-=-=-=-=-=-= 
00:43:05.420 INFO  -=-=-=-=-=-=-=-=-=-=-=-=-=-=-=-=-=-=-=-=-=-=-=-=-=-=-=-= 
00:43:05.421 INFO  ChibiKawaii#6151, ready to watch [544] users in [3] servers. 
00:43:05.423 INFO  -=-=-=-=-=-=-=-=-=-=-=-=-=-=-=-=-=-=-=-=-=-=-=-=-=-=-=-= 
00:43:30.684 INFO  =-=-=-=-=-=-=- Loading command(s) -=-=-=-=-=-=-= 
00:43:31.919 INFO  =-=-=-=-=-=-=- Loading event(s) -=-=-=-=-=-=-= 
00:43:34.172 INFO  -=-=-=-=-=-=-=-=-=-=-=-=-=-=-=-=-=-=-=-=-=-=-=-=-=-=-=-= 
00:43:34.173 INFO  ChibiKawaii#6151, ready to watch [544] users in [3] servers. 
00:43:34.175 INFO  -=-=-=-=-=-=-=-=-=-=-=-=-=-=-=-=-=-=-=-=-=-=-=-=-=-=-=-= 
00:45:05.313 INFO  =-=-=-=-=-=-=- Loading command(s) -=-=-=-=-=-=-= 
00:45:05.719 INFO  =-=-=-=-=-=-=- Loading event(s) -=-=-=-=-=-=-= 
00:45:07.812 INFO  -=-=-=-=-=-=-=-=-=-=-=-=-=-=-=-=-=-=-=-=-=-=-=-=-=-=-=-= 
00:45:07.813 INFO  ChibiKawaii#6151, ready to watch [544] users in [3] servers. 
00:45:07.814 INFO  -=-=-=-=-=-=-=-=-=-=-=-=-=-=-=-=-=-=-=-=-=-=-=-=-=-=-=-= 
00:45:19.888 ERROR Unhandled promise rejection: hasGang is not defined. 
00:46:26.965 INFO  =-=-=-=-=-=-=- Loading command(s) -=-=-=-=-=-=-= 
00:46:27.355 INFO  =-=-=-=-=-=-=- Loading event(s) -=-=-=-=-=-=-= 
00:46:29.431 INFO  -=-=-=-=-=-=-=-=-=-=-=-=-=-=-=-=-=-=-=-=-=-=-=-=-=-=-=-= 
00:46:29.432 INFO  ChibiKawaii#6151, ready to watch [544] users in [3] servers. 
00:46:29.433 INFO  -=-=-=-=-=-=-=-=-=-=-=-=-=-=-=-=-=-=-=-=-=-=-=-=-=-=-=-= 
00:47:21.337 INFO  =-=-=-=-=-=-=- Loading command(s) -=-=-=-=-=-=-= 
00:47:21.902 INFO  =-=-=-=-=-=-=- Loading event(s) -=-=-=-=-=-=-= 
00:47:24.013 INFO  -=-=-=-=-=-=-=-=-=-=-=-=-=-=-=-=-=-=-=-=-=-=-=-=-=-=-=-= 
00:47:24.014 INFO  ChibiKawaii#6151, ready to watch [544] users in [3] servers. 
00:47:24.016 INFO  -=-=-=-=-=-=-=-=-=-=-=-=-=-=-=-=-=-=-=-=-=-=-=-=-=-=-=-= 
00:47:28.211 ERROR Unhandled promise rejection: Cannot access 'gangName' before initialization. 
00:48:40.750 INFO  =-=-=-=-=-=-=- Loading command(s) -=-=-=-=-=-=-= 
00:48:41.210 INFO  =-=-=-=-=-=-=- Loading event(s) -=-=-=-=-=-=-= 
00:48:43.207 INFO  -=-=-=-=-=-=-=-=-=-=-=-=-=-=-=-=-=-=-=-=-=-=-=-=-=-=-=-= 
00:48:43.208 INFO  ChibiKawaii#6151, ready to watch [544] users in [3] servers. 
00:48:43.210 INFO  -=-=-=-=-=-=-=-=-=-=-=-=-=-=-=-=-=-=-=-=-=-=-=-=-=-=-=-= 
00:51:17.213 INFO  =-=-=-=-=-=-=- Loading command(s) -=-=-=-=-=-=-= 
00:51:17.675 INFO  =-=-=-=-=-=-=- Loading event(s) -=-=-=-=-=-=-= 
00:51:20.271 INFO  -=-=-=-=-=-=-=-=-=-=-=-=-=-=-=-=-=-=-=-=-=-=-=-=-=-=-=-= 
00:51:20.275 INFO  ChibiKawaii#6151, ready to watch [544] users in [3] servers. 
00:51:20.279 INFO  -=-=-=-=-=-=-=-=-=-=-=-=-=-=-=-=-=-=-=-=-=-=-=-=-=-=-=-= 
01:01:21.142 INFO  =-=-=-=-=-=-=- Loading command(s) -=-=-=-=-=-=-= 
01:01:21.705 INFO  =-=-=-=-=-=-=- Loading event(s) -=-=-=-=-=-=-= 
01:01:23.844 INFO  -=-=-=-=-=-=-=-=-=-=-=-=-=-=-=-=-=-=-=-=-=-=-=-=-=-=-=-= 
01:01:23.845 INFO  ChibiKawaii#6151, ready to watch [544] users in [3] servers. 
01:01:23.846 INFO  -=-=-=-=-=-=-=-=-=-=-=-=-=-=-=-=-=-=-=-=-=-=-=-=-=-=-=-= 
01:02:09.478 INFO  =-=-=-=-=-=-=- Loading command(s) -=-=-=-=-=-=-= 
01:02:09.810 INFO  =-=-=-=-=-=-=- Loading event(s) -=-=-=-=-=-=-= 
01:02:11.835 INFO  -=-=-=-=-=-=-=-=-=-=-=-=-=-=-=-=-=-=-=-=-=-=-=-=-=-=-=-= 
01:02:11.836 INFO  ChibiKawaii#6151, ready to watch [544] users in [3] servers. 
01:02:11.837 INFO  -=-=-=-=-=-=-=-=-=-=-=-=-=-=-=-=-=-=-=-=-=-=-=-=-=-=-=-= 
01:03:15.739 ERROR Unhandled promise rejection: tag is not defined. 
01:06:13.216 INFO  =-=-=-=-=-=-=- Loading command(s) -=-=-=-=-=-=-= 
01:06:13.731 INFO  =-=-=-=-=-=-=- Loading event(s) -=-=-=-=-=-=-= 
01:06:15.793 INFO  -=-=-=-=-=-=-=-=-=-=-=-=-=-=-=-=-=-=-=-=-=-=-=-=-=-=-=-= 
01:06:15.795 INFO  ChibiKawaii#6151, ready to watch [544] users in [3] servers. 
01:06:15.796 INFO  -=-=-=-=-=-=-=-=-=-=-=-=-=-=-=-=-=-=-=-=-=-=-=-=-=-=-=-= 
01:06:42.685 ERROR Unhandled promise rejection: Must specify value to add. Need Help? Check Out: discord.gg/plexidev. 
01:09:36.095 INFO  =-=-=-=-=-=-=- Loading command(s) -=-=-=-=-=-=-= 
01:09:37.048 INFO  =-=-=-=-=-=-=- Loading event(s) -=-=-=-=-=-=-= 
01:09:39.333 INFO  -=-=-=-=-=-=-=-=-=-=-=-=-=-=-=-=-=-=-=-=-=-=-=-=-=-=-=-= 
01:09:39.334 INFO  ChibiKawaii#6151, ready to watch [544] users in [3] servers. 
01:09:39.334 INFO  -=-=-=-=-=-=-=-=-=-=-=-=-=-=-=-=-=-=-=-=-=-=-=-=-=-=-=-= 
01:30:05.099 INFO  =-=-=-=-=-=-=- Loading command(s) -=-=-=-=-=-=-= 
01:30:05.944 INFO  =-=-=-=-=-=-=- Loading event(s) -=-=-=-=-=-=-= 
01:30:08.141 INFO  -=-=-=-=-=-=-=-=-=-=-=-=-=-=-=-=-=-=-=-=-=-=-=-=-=-=-=-= 
01:30:08.142 INFO  ChibiKawaii#6151, ready to watch [544] users in [3] servers. 
01:30:08.143 INFO  -=-=-=-=-=-=-=-=-=-=-=-=-=-=-=-=-=-=-=-=-=-=-=-=-=-=-=-= 
01:32:43.154 INFO  =-=-=-=-=-=-=- Loading command(s) -=-=-=-=-=-=-= 
01:32:43.450 INFO  =-=-=-=-=-=-=- Loading event(s) -=-=-=-=-=-=-= 
01:32:45.563 INFO  -=-=-=-=-=-=-=-=-=-=-=-=-=-=-=-=-=-=-=-=-=-=-=-=-=-=-=-= 
01:32:45.565 INFO  ChibiKawaii#6151, ready to watch [544] users in [3] servers. 
01:32:45.567 INFO  -=-=-=-=-=-=-=-=-=-=-=-=-=-=-=-=-=-=-=-=-=-=-=-=-=-=-=-= 
01:35:38.115 ERROR Unhandled promise rejection: Cannot read property 'includes' of undefined. 
01:36:35.101 INFO  =-=-=-=-=-=-=- Loading command(s) -=-=-=-=-=-=-= 
01:36:35.456 INFO  =-=-=-=-=-=-=- Loading event(s) -=-=-=-=-=-=-= 
01:36:37.354 INFO  -=-=-=-=-=-=-=-=-=-=-=-=-=-=-=-=-=-=-=-=-=-=-=-=-=-=-=-= 
01:36:37.356 INFO  ChibiKawaii#6151, ready to watch [544] users in [3] servers. 
01:36:37.358 INFO  -=-=-=-=-=-=-=-=-=-=-=-=-=-=-=-=-=-=-=-=-=-=-=-=-=-=-=-= 
01:39:38.909 INFO  =-=-=-=-=-=-=- Loading command(s) -=-=-=-=-=-=-= 
01:39:39.266 INFO  =-=-=-=-=-=-=- Loading event(s) -=-=-=-=-=-=-= 
01:39:41.134 INFO  -=-=-=-=-=-=-=-=-=-=-=-=-=-=-=-=-=-=-=-=-=-=-=-=-=-=-=-= 
01:39:41.135 INFO  ChibiKawaii#6151, ready to watch [544] users in [3] servers. 
01:39:41.136 INFO  -=-=-=-=-=-=-=-=-=-=-=-=-=-=-=-=-=-=-=-=-=-=-=-=-=-=-=-= 
01:43:47.862 INFO  =-=-=-=-=-=-=- Loading command(s) -=-=-=-=-=-=-= 
01:43:48.301 INFO  =-=-=-=-=-=-=- Loading event(s) -=-=-=-=-=-=-= 
01:43:50.378 INFO  -=-=-=-=-=-=-=-=-=-=-=-=-=-=-=-=-=-=-=-=-=-=-=-=-=-=-=-= 
01:43:50.379 INFO  ChibiKawaii#6151, ready to watch [544] users in [3] servers. 
01:43:50.380 INFO  -=-=-=-=-=-=-=-=-=-=-=-=-=-=-=-=-=-=-=-=-=-=-=-=-=-=-=-= 
01:46:13.731 INFO  =-=-=-=-=-=-=- Loading command(s) -=-=-=-=-=-=-= 
01:46:14.152 INFO  =-=-=-=-=-=-=- Loading event(s) -=-=-=-=-=-=-= 
01:46:16.299 INFO  -=-=-=-=-=-=-=-=-=-=-=-=-=-=-=-=-=-=-=-=-=-=-=-=-=-=-=-= 
01:46:16.301 INFO  ChibiKawaii#6151, ready to watch [544] users in [3] servers. 
01:46:16.302 INFO  -=-=-=-=-=-=-=-=-=-=-=-=-=-=-=-=-=-=-=-=-=-=-=-=-=-=-=-= 
01:49:15.464 INFO  =-=-=-=-=-=-=- Loading command(s) -=-=-=-=-=-=-= 
01:49:15.924 INFO  =-=-=-=-=-=-=- Loading event(s) -=-=-=-=-=-=-= 
01:49:18.008 INFO  -=-=-=-=-=-=-=-=-=-=-=-=-=-=-=-=-=-=-=-=-=-=-=-=-=-=-=-= 
01:49:18.009 INFO  ChibiKawaii#6151, ready to watch [544] users in [3] servers. 
01:49:18.010 INFO  -=-=-=-=-=-=-=-=-=-=-=-=-=-=-=-=-=-=-=-=-=-=-=-=-=-=-=-= 
01:49:21.822 ERROR Unhandled promise rejection: member is not defined. 
01:49:35.070 INFO  =-=-=-=-=-=-=- Loading command(s) -=-=-=-=-=-=-= 
01:49:35.474 INFO  =-=-=-=-=-=-=- Loading event(s) -=-=-=-=-=-=-= 
01:49:37.615 INFO  -=-=-=-=-=-=-=-=-=-=-=-=-=-=-=-=-=-=-=-=-=-=-=-=-=-=-=-= 
01:49:37.617 INFO  ChibiKawaii#6151, ready to watch [544] users in [3] servers. 
01:49:37.618 INFO  -=-=-=-=-=-=-=-=-=-=-=-=-=-=-=-=-=-=-=-=-=-=-=-=-=-=-=-= 
16:25:31.572 INFO  =-=-=-=-=-=-=- Loading command(s) -=-=-=-=-=-=-= 
16:25:32.062 INFO  =-=-=-=-=-=-=- Loading event(s) -=-=-=-=-=-=-= 
16:25:39.298 INFO  -=-=-=-=-=-=-=-=-=-=-=-=-=-=-=-=-=-=-=-=-=-=-=-=-=-=-=-= 
16:25:39.300 INFO  ChibiKawaii#6151, ready to watch [544] users in [3] servers. 
16:25:39.301 INFO  -=-=-=-=-=-=-=-=-=-=-=-=-=-=-=-=-=-=-=-=-=-=-=-=-=-=-=-= 
16:30:06.075 INFO  =-=-=-=-=-=-=- Loading command(s) -=-=-=-=-=-=-= 
16:30:06.771 INFO  =-=-=-=-=-=-=- Loading event(s) -=-=-=-=-=-=-= 
16:30:15.126 INFO  -=-=-=-=-=-=-=-=-=-=-=-=-=-=-=-=-=-=-=-=-=-=-=-=-=-=-=-= 
16:30:15.132 INFO  ChibiKawaii#6151, ready to watch [544] users in [3] servers. 
16:30:15.134 INFO  -=-=-=-=-=-=-=-=-=-=-=-=-=-=-=-=-=-=-=-=-=-=-=-=-=-=-=-= 
16:31:36.438 INFO  =-=-=-=-=-=-=- Loading command(s) -=-=-=-=-=-=-= 
16:31:36.860 INFO  =-=-=-=-=-=-=- Loading event(s) -=-=-=-=-=-=-= 
16:31:44.266 INFO  -=-=-=-=-=-=-=-=-=-=-=-=-=-=-=-=-=-=-=-=-=-=-=-=-=-=-=-= 
16:31:44.268 INFO  ChibiKawaii#6151, ready to watch [544] users in [3] servers. 
16:31:44.269 INFO  -=-=-=-=-=-=-=-=-=-=-=-=-=-=-=-=-=-=-=-=-=-=-=-=-=-=-=-= 
16:43:31.139 INFO  =-=-=-=-=-=-=- Loading command(s) -=-=-=-=-=-=-= 
16:43:31.540 INFO  =-=-=-=-=-=-=- Loading event(s) -=-=-=-=-=-=-= 
16:43:39.482 INFO  -=-=-=-=-=-=-=-=-=-=-=-=-=-=-=-=-=-=-=-=-=-=-=-=-=-=-=-= 
16:43:39.482 INFO  ChibiKawaii#6151, ready to watch [545] users in [3] servers. 
16:43:39.483 INFO  -=-=-=-=-=-=-=-=-=-=-=-=-=-=-=-=-=-=-=-=-=-=-=-=-=-=-=-= 
16:45:24.487 INFO  =-=-=-=-=-=-=- Loading command(s) -=-=-=-=-=-=-= 
16:45:24.905 INFO  =-=-=-=-=-=-=- Loading event(s) -=-=-=-=-=-=-= 
16:45:32.042 INFO  -=-=-=-=-=-=-=-=-=-=-=-=-=-=-=-=-=-=-=-=-=-=-=-=-=-=-=-= 
16:45:32.043 INFO  ChibiKawaii#6151, ready to watch [545] users in [3] servers. 
16:45:32.043 INFO  -=-=-=-=-=-=-=-=-=-=-=-=-=-=-=-=-=-=-=-=-=-=-=-=-=-=-=-= 
16:45:59.844 INFO  =-=-=-=-=-=-=- Loading command(s) -=-=-=-=-=-=-= 
16:46:00.368 INFO  =-=-=-=-=-=-=- Loading event(s) -=-=-=-=-=-=-= 
16:46:07.760 INFO  -=-=-=-=-=-=-=-=-=-=-=-=-=-=-=-=-=-=-=-=-=-=-=-=-=-=-=-= 
16:46:07.761 INFO  ChibiKawaii#6151, ready to watch [545] users in [3] servers. 
16:46:07.761 INFO  -=-=-=-=-=-=-=-=-=-=-=-=-=-=-=-=-=-=-=-=-=-=-=-=-=-=-=-= 
16:57:25.281 ERROR Unhandled promise rejection: 403: Forbidden. 
17:01:37.741 INFO  =-=-=-=-=-=-=- Loading command(s) -=-=-=-=-=-=-= 
17:01:38.124 INFO  =-=-=-=-=-=-=- Loading event(s) -=-=-=-=-=-=-= 
17:01:45.793 INFO  -=-=-=-=-=-=-=-=-=-=-=-=-=-=-=-=-=-=-=-=-=-=-=-=-=-=-=-= 
17:01:45.794 INFO  ChibiKawaii#6151, ready to watch [545] users in [3] servers. 
17:01:45.794 INFO  -=-=-=-=-=-=-=-=-=-=-=-=-=-=-=-=-=-=-=-=-=-=-=-=-=-=-=-= 
17:02:57.266 INFO  =-=-=-=-=-=-=- Loading command(s) -=-=-=-=-=-=-= 
17:02:57.688 INFO  =-=-=-=-=-=-=- Loading event(s) -=-=-=-=-=-=-= 
17:03:05.018 INFO  -=-=-=-=-=-=-=-=-=-=-=-=-=-=-=-=-=-=-=-=-=-=-=-=-=-=-=-= 
17:03:05.020 INFO  ChibiKawaii#6151, ready to watch [545] users in [3] servers. 
17:03:05.021 INFO  -=-=-=-=-=-=-=-=-=-=-=-=-=-=-=-=-=-=-=-=-=-=-=-=-=-=-=-= 
17:03:26.480 INFO  =-=-=-=-=-=-=- Loading command(s) -=-=-=-=-=-=-= 
17:03:27.041 INFO  =-=-=-=-=-=-=- Loading event(s) -=-=-=-=-=-=-= 
17:03:34.013 INFO  -=-=-=-=-=-=-=-=-=-=-=-=-=-=-=-=-=-=-=-=-=-=-=-=-=-=-=-= 
17:03:34.014 INFO  ChibiKawaii#6151, ready to watch [545] users in [3] servers. 
17:03:34.015 INFO  -=-=-=-=-=-=-=-=-=-=-=-=-=-=-=-=-=-=-=-=-=-=-=-=-=-=-=-= 
17:22:28.755 INFO  =-=-=-=-=-=-=- Loading command(s) -=-=-=-=-=-=-= 
17:22:29.363 INFO  =-=-=-=-=-=-=- Loading event(s) -=-=-=-=-=-=-= 
17:22:37.214 INFO  -=-=-=-=-=-=-=-=-=-=-=-=-=-=-=-=-=-=-=-=-=-=-=-=-=-=-=-= 
17:22:37.214 INFO  ChibiKawaii#6151, ready to watch [546] users in [3] servers. 
17:22:37.215 INFO  -=-=-=-=-=-=-=-=-=-=-=-=-=-=-=-=-=-=-=-=-=-=-=-=-=-=-=-= 
17:51:30.863 INFO  =-=-=-=-=-=-=- Loading command(s) -=-=-=-=-=-=-= 
17:51:31.173 INFO  =-=-=-=-=-=-=- Loading event(s) -=-=-=-=-=-=-= 
17:51:38.562 INFO  -=-=-=-=-=-=-=-=-=-=-=-=-=-=-=-=-=-=-=-=-=-=-=-=-=-=-=-= 
17:51:38.563 INFO  ChibiKawaii#6151, ready to watch [546] users in [3] servers. 
17:51:38.564 INFO  -=-=-=-=-=-=-=-=-=-=-=-=-=-=-=-=-=-=-=-=-=-=-=-=-=-=-=-= 
17:54:24.274 INFO  =-=-=-=-=-=-=- Loading command(s) -=-=-=-=-=-=-= 
17:54:24.581 INFO  =-=-=-=-=-=-=- Loading event(s) -=-=-=-=-=-=-= 
17:54:34.138 INFO  -=-=-=-=-=-=-=-=-=-=-=-=-=-=-=-=-=-=-=-=-=-=-=-=-=-=-=-= 
17:54:34.139 INFO  ChibiKawaii#6151, ready to watch [546] users in [3] servers. 
17:54:34.140 INFO  -=-=-=-=-=-=-=-=-=-=-=-=-=-=-=-=-=-=-=-=-=-=-=-=-=-=-=-= 
17:55:03.440 INFO  =-=-=-=-=-=-=- Loading command(s) -=-=-=-=-=-=-= 
17:55:03.874 INFO  =-=-=-=-=-=-=- Loading event(s) -=-=-=-=-=-=-= 
17:55:11.382 INFO  -=-=-=-=-=-=-=-=-=-=-=-=-=-=-=-=-=-=-=-=-=-=-=-=-=-=-=-= 
17:55:11.383 INFO  ChibiKawaii#6151, ready to watch [546] users in [3] servers. 
17:55:11.385 INFO  -=-=-=-=-=-=-=-=-=-=-=-=-=-=-=-=-=-=-=-=-=-=-=-=-=-=-=-= 
17:55:18.627 ERROR Unhandled promise rejection: user is not defined. 
17:55:42.275 INFO  =-=-=-=-=-=-=- Loading command(s) -=-=-=-=-=-=-= 
17:55:42.736 INFO  =-=-=-=-=-=-=- Loading event(s) -=-=-=-=-=-=-= 
17:55:51.178 INFO  -=-=-=-=-=-=-=-=-=-=-=-=-=-=-=-=-=-=-=-=-=-=-=-=-=-=-=-= 
17:55:51.179 INFO  ChibiKawaii#6151, ready to watch [546] users in [3] servers. 
17:55:51.180 INFO  -=-=-=-=-=-=-=-=-=-=-=-=-=-=-=-=-=-=-=-=-=-=-=-=-=-=-=-= 
17:56:08.614 INFO  =-=-=-=-=-=-=- Loading command(s) -=-=-=-=-=-=-= 
17:56:09.038 INFO  =-=-=-=-=-=-=- Loading event(s) -=-=-=-=-=-=-= 
17:56:16.481 INFO  -=-=-=-=-=-=-=-=-=-=-=-=-=-=-=-=-=-=-=-=-=-=-=-=-=-=-=-= 
17:56:16.482 INFO  ChibiKawaii#6151, ready to watch [546] users in [3] servers. 
17:56:16.483 INFO  -=-=-=-=-=-=-=-=-=-=-=-=-=-=-=-=-=-=-=-=-=-=-=-=-=-=-=-= 
17:56:56.280 ERROR Unhandled promise rejection: Cannot read property 'id' of undefined. 
18:01:14.112 INFO  =-=-=-=-=-=-=- Loading command(s) -=-=-=-=-=-=-= 
18:01:14.446 INFO  =-=-=-=-=-=-=- Loading event(s) -=-=-=-=-=-=-= 
18:01:23.573 INFO  -=-=-=-=-=-=-=-=-=-=-=-=-=-=-=-=-=-=-=-=-=-=-=-=-=-=-=-= 
18:01:23.574 INFO  ChibiKawaii#6151, ready to watch [546] users in [3] servers. 
18:01:23.574 INFO  -=-=-=-=-=-=-=-=-=-=-=-=-=-=-=-=-=-=-=-=-=-=-=-=-=-=-=-= 
18:02:42.304 INFO  =-=-=-=-=-=-=- Loading command(s) -=-=-=-=-=-=-= 
18:02:42.781 INFO  =-=-=-=-=-=-=- Loading event(s) -=-=-=-=-=-=-= 
18:02:51.341 INFO  -=-=-=-=-=-=-=-=-=-=-=-=-=-=-=-=-=-=-=-=-=-=-=-=-=-=-=-= 
18:02:51.344 INFO  ChibiKawaii#6151, ready to watch [546] users in [3] servers. 
18:02:51.346 INFO  -=-=-=-=-=-=-=-=-=-=-=-=-=-=-=-=-=-=-=-=-=-=-=-=-=-=-=-= 
18:14:19.110 INFO  =-=-=-=-=-=-=- Loading command(s) -=-=-=-=-=-=-= 
18:14:19.461 INFO  =-=-=-=-=-=-=- Loading event(s) -=-=-=-=-=-=-= 
18:14:27.176 INFO  -=-=-=-=-=-=-=-=-=-=-=-=-=-=-=-=-=-=-=-=-=-=-=-=-=-=-=-= 
18:14:27.187 INFO  ChibiKawaii#6151, ready to watch [546] users in [3] servers. 
18:14:27.188 INFO  -=-=-=-=-=-=-=-=-=-=-=-=-=-=-=-=-=-=-=-=-=-=-=-=-=-=-=-= 
18:17:49.575 INFO  =-=-=-=-=-=-=- Loading command(s) -=-=-=-=-=-=-= 
18:17:49.964 INFO  =-=-=-=-=-=-=- Loading event(s) -=-=-=-=-=-=-= 
18:17:58.930 INFO  -=-=-=-=-=-=-=-=-=-=-=-=-=-=-=-=-=-=-=-=-=-=-=-=-=-=-=-= 
18:17:58.930 INFO  ChibiKawaii#6151, ready to watch [546] users in [3] servers. 
18:17:58.931 INFO  -=-=-=-=-=-=-=-=-=-=-=-=-=-=-=-=-=-=-=-=-=-=-=-=-=-=-=-= 
18:18:11.654 INFO  =-=-=-=-=-=-=- Loading command(s) -=-=-=-=-=-=-= 
18:18:12.154 INFO  =-=-=-=-=-=-=- Loading event(s) -=-=-=-=-=-=-= 
18:18:19.534 INFO  -=-=-=-=-=-=-=-=-=-=-=-=-=-=-=-=-=-=-=-=-=-=-=-=-=-=-=-= 
18:18:19.535 INFO  ChibiKawaii#6151, ready to watch [546] users in [3] servers. 
18:18:19.535 INFO  -=-=-=-=-=-=-=-=-=-=-=-=-=-=-=-=-=-=-=-=-=-=-=-=-=-=-=-= 
18:21:16.214 INFO  =-=-=-=-=-=-=- Loading command(s) -=-=-=-=-=-=-= 
18:21:16.800 INFO  =-=-=-=-=-=-=- Loading event(s) -=-=-=-=-=-=-= 
18:21:24.423 INFO  -=-=-=-=-=-=-=-=-=-=-=-=-=-=-=-=-=-=-=-=-=-=-=-=-=-=-=-= 
18:21:24.424 INFO  ChibiKawaii#6151, ready to watch [546] users in [3] servers. 
18:21:24.425 INFO  -=-=-=-=-=-=-=-=-=-=-=-=-=-=-=-=-=-=-=-=-=-=-=-=-=-=-=-= 
18:21:45.752 INFO  =-=-=-=-=-=-=- Loading command(s) -=-=-=-=-=-=-= 
18:21:46.411 INFO  =-=-=-=-=-=-=- Loading event(s) -=-=-=-=-=-=-= 
18:21:56.550 INFO  -=-=-=-=-=-=-=-=-=-=-=-=-=-=-=-=-=-=-=-=-=-=-=-=-=-=-=-= 
18:21:56.553 INFO  ChibiKawaii#6151, ready to watch [546] users in [3] servers. 
18:21:56.554 INFO  -=-=-=-=-=-=-=-=-=-=-=-=-=-=-=-=-=-=-=-=-=-=-=-=-=-=-=-= 
18:25:43.366 INFO  =-=-=-=-=-=-=- Loading command(s) -=-=-=-=-=-=-= 
18:25:43.932 INFO  =-=-=-=-=-=-=- Loading event(s) -=-=-=-=-=-=-= 
18:25:52.010 INFO  -=-=-=-=-=-=-=-=-=-=-=-=-=-=-=-=-=-=-=-=-=-=-=-=-=-=-=-= 
18:25:52.011 INFO  ChibiKawaii#6151, ready to watch [546] users in [3] servers. 
18:25:52.011 INFO  -=-=-=-=-=-=-=-=-=-=-=-=-=-=-=-=-=-=-=-=-=-=-=-=-=-=-=-= 
19:49:53.111 INFO  =-=-=-=-=-=-=- Loading command(s) -=-=-=-=-=-=-= 
19:49:53.660 INFO  =-=-=-=-=-=-=- Loading event(s) -=-=-=-=-=-=-= 
19:50:00.638 INFO  -=-=-=-=-=-=-=-=-=-=-=-=-=-=-=-=-=-=-=-=-=-=-=-=-=-=-=-= 
19:50:00.639 INFO  ChibiKawaii#6151, ready to watch [546] users in [3] servers. 
19:50:00.639 INFO  -=-=-=-=-=-=-=-=-=-=-=-=-=-=-=-=-=-=-=-=-=-=-=-=-=-=-=-= 
19:50:09.278 ERROR Unhandled promise rejection: Math.randon is not a function. 
19:50:18.170 INFO  =-=-=-=-=-=-=- Loading command(s) -=-=-=-=-=-=-= 
19:50:18.595 INFO  =-=-=-=-=-=-=- Loading event(s) -=-=-=-=-=-=-= 
19:50:27.583 INFO  -=-=-=-=-=-=-=-=-=-=-=-=-=-=-=-=-=-=-=-=-=-=-=-=-=-=-=-= 
19:50:27.584 INFO  ChibiKawaii#6151, ready to watch [546] users in [3] servers. 
19:50:27.587 INFO  -=-=-=-=-=-=-=-=-=-=-=-=-=-=-=-=-=-=-=-=-=-=-=-=-=-=-=-= 
19:50:40.320 ERROR Unhandled promise rejection: moneys is not defined. 
19:59:44.176 INFO  =-=-=-=-=-=-=- Loading command(s) -=-=-=-=-=-=-= 
19:59:44.477 INFO  =-=-=-=-=-=-=- Loading event(s) -=-=-=-=-=-=-= 
19:59:52.023 INFO  -=-=-=-=-=-=-=-=-=-=-=-=-=-=-=-=-=-=-=-=-=-=-=-=-=-=-=-= 
19:59:52.024 INFO  ChibiKawaii#6151, ready to watch [546] users in [3] servers. 
19:59:52.024 INFO  -=-=-=-=-=-=-=-=-=-=-=-=-=-=-=-=-=-=-=-=-=-=-=-=-=-=-=-= 
20:00:07.472 ERROR Unhandled promise rejection: amount is not defined. 
20:01:10.020 INFO  =-=-=-=-=-=-=- Loading command(s) -=-=-=-=-=-=-= 
20:01:10.307 INFO  =-=-=-=-=-=-=- Loading event(s) -=-=-=-=-=-=-= 
20:01:19.144 INFO  -=-=-=-=-=-=-=-=-=-=-=-=-=-=-=-=-=-=-=-=-=-=-=-=-=-=-=-= 
20:01:19.145 INFO  ChibiKawaii#6151, ready to watch [546] users in [3] servers. 
20:01:19.145 INFO  -=-=-=-=-=-=-=-=-=-=-=-=-=-=-=-=-=-=-=-=-=-=-=-=-=-=-=-= 
20:01:33.836 ERROR Unhandled promise rejection: msg is not defined. 
20:02:30.235 INFO  =-=-=-=-=-=-=- Loading command(s) -=-=-=-=-=-=-= 
20:02:30.756 INFO  =-=-=-=-=-=-=- Loading event(s) -=-=-=-=-=-=-= 
20:02:40.582 INFO  -=-=-=-=-=-=-=-=-=-=-=-=-=-=-=-=-=-=-=-=-=-=-=-=-=-=-=-= 
20:02:40.583 INFO  ChibiKawaii#6151, ready to watch [546] users in [3] servers. 
20:02:40.584 INFO  -=-=-=-=-=-=-=-=-=-=-=-=-=-=-=-=-=-=-=-=-=-=-=-=-=-=-=-= 
20:06:22.567 INFO  =-=-=-=-=-=-=- Loading command(s) -=-=-=-=-=-=-= 
20:06:22.893 INFO  =-=-=-=-=-=-=- Loading event(s) -=-=-=-=-=-=-= 
20:06:30.820 INFO  -=-=-=-=-=-=-=-=-=-=-=-=-=-=-=-=-=-=-=-=-=-=-=-=-=-=-=-= 
20:06:30.820 INFO  ChibiKawaii#6151, ready to watch [546] users in [3] servers. 
20:06:30.821 INFO  -=-=-=-=-=-=-=-=-=-=-=-=-=-=-=-=-=-=-=-=-=-=-=-=-=-=-=-= 
20:07:41.082 INFO  =-=-=-=-=-=-=- Loading command(s) -=-=-=-=-=-=-= 
20:07:41.423 INFO  =-=-=-=-=-=-=- Loading event(s) -=-=-=-=-=-=-= 
20:07:49.362 INFO  -=-=-=-=-=-=-=-=-=-=-=-=-=-=-=-=-=-=-=-=-=-=-=-=-=-=-=-= 
20:07:49.376 INFO  ChibiKawaii#6151, ready to watch [546] users in [3] servers. 
20:07:49.379 INFO  -=-=-=-=-=-=-=-=-=-=-=-=-=-=-=-=-=-=-=-=-=-=-=-=-=-=-=-= 
20:07:54.994 ERROR Unhandled promise rejection: moneys is not defined. 
20:08:27.866 INFO  =-=-=-=-=-=-=- Loading command(s) -=-=-=-=-=-=-= 
20:08:28.335 INFO  =-=-=-=-=-=-=- Loading event(s) -=-=-=-=-=-=-= 
20:08:35.765 INFO  -=-=-=-=-=-=-=-=-=-=-=-=-=-=-=-=-=-=-=-=-=-=-=-=-=-=-=-= 
20:08:35.766 INFO  ChibiKawaii#6151, ready to watch [546] users in [3] servers. 
20:08:35.767 INFO  -=-=-=-=-=-=-=-=-=-=-=-=-=-=-=-=-=-=-=-=-=-=-=-=-=-=-=-= 
20:09:05.240 INFO  =-=-=-=-=-=-=- Loading command(s) -=-=-=-=-=-=-= 
20:09:05.540 INFO  =-=-=-=-=-=-=- Loading event(s) -=-=-=-=-=-=-= 
20:09:12.307 INFO  -=-=-=-=-=-=-=-=-=-=-=-=-=-=-=-=-=-=-=-=-=-=-=-=-=-=-=-= 
20:09:12.308 INFO  ChibiKawaii#6151, ready to watch [546] users in [3] servers. 
20:09:12.308 INFO  -=-=-=-=-=-=-=-=-=-=-=-=-=-=-=-=-=-=-=-=-=-=-=-=-=-=-=-= 
20:09:17.919 ERROR Unhandled promise rejection: bank must be a string or number. 
20:15:49.295 INFO  =-=-=-=-=-=-=- Loading command(s) -=-=-=-=-=-=-= 
20:15:49.696 INFO  =-=-=-=-=-=-=- Loading event(s) -=-=-=-=-=-=-= 
20:15:57.795 INFO  -=-=-=-=-=-=-=-=-=-=-=-=-=-=-=-=-=-=-=-=-=-=-=-=-=-=-=-= 
20:15:57.796 INFO  ChibiKawaii#6151, ready to watch [546] users in [3] servers. 
20:15:57.797 INFO  -=-=-=-=-=-=-=-=-=-=-=-=-=-=-=-=-=-=-=-=-=-=-=-=-=-=-=-= 
20:16:02.758 ERROR Unhandled promise rejection: moneys is not defined. 
20:16:04.881 ERROR Unhandled promise rejection: moneys is not defined. 
20:16:50.036 INFO  =-=-=-=-=-=-=- Loading command(s) -=-=-=-=-=-=-= 
20:16:50.349 INFO  =-=-=-=-=-=-=- Loading event(s) -=-=-=-=-=-=-= 
20:16:57.746 INFO  -=-=-=-=-=-=-=-=-=-=-=-=-=-=-=-=-=-=-=-=-=-=-=-=-=-=-=-= 
20:16:57.747 INFO  ChibiKawaii#6151, ready to watch [546] users in [3] servers. 
20:16:57.747 INFO  -=-=-=-=-=-=-=-=-=-=-=-=-=-=-=-=-=-=-=-=-=-=-=-=-=-=-=-= 
20:17:00.371 ERROR Unhandled promise rejection: moneys is not defined. 
20:17:21.217 INFO  =-=-=-=-=-=-=- Loading command(s) -=-=-=-=-=-=-= 
20:17:21.632 INFO  =-=-=-=-=-=-=- Loading event(s) -=-=-=-=-=-=-= 
20:17:29.681 INFO  -=-=-=-=-=-=-=-=-=-=-=-=-=-=-=-=-=-=-=-=-=-=-=-=-=-=-=-= 
20:17:29.682 INFO  ChibiKawaii#6151, ready to watch [546] users in [3] servers. 
20:17:29.683 INFO  -=-=-=-=-=-=-=-=-=-=-=-=-=-=-=-=-=-=-=-=-=-=-=-=-=-=-=-= 
20:17:32.949 ERROR Unhandled promise rejection: Moneys is not defined. 
20:20:46.642 INFO  =-=-=-=-=-=-=- Loading command(s) -=-=-=-=-=-=-= 
20:20:47.003 INFO  =-=-=-=-=-=-=- Loading event(s) -=-=-=-=-=-=-= 
20:20:54.129 INFO  -=-=-=-=-=-=-=-=-=-=-=-=-=-=-=-=-=-=-=-=-=-=-=-=-=-=-=-= 
20:20:54.130 INFO  ChibiKawaii#6151, ready to watch [546] users in [3] servers. 
20:20:54.131 INFO  -=-=-=-=-=-=-=-=-=-=-=-=-=-=-=-=-=-=-=-=-=-=-=-=-=-=-=-= 
20:39:07.559 INFO  =-=-=-=-=-=-=- Loading command(s) -=-=-=-=-=-=-= 
20:39:07.846 INFO  =-=-=-=-=-=-=- Loading event(s) -=-=-=-=-=-=-= 
20:39:15.077 INFO  -=-=-=-=-=-=-=-=-=-=-=-=-=-=-=-=-=-=-=-=-=-=-=-=-=-=-=-= 
20:39:15.078 INFO  ChibiKawaii#6151, ready to watch [547] users in [3] servers. 
20:39:15.079 INFO  -=-=-=-=-=-=-=-=-=-=-=-=-=-=-=-=-=-=-=-=-=-=-=-=-=-=-=-= 
20:39:26.680 ERROR Unhandled promise rejection: bank must be a string or number. 
20:39:45.404 INFO  =-=-=-=-=-=-=- Loading command(s) -=-=-=-=-=-=-= 
20:39:45.748 INFO  =-=-=-=-=-=-=- Loading event(s) -=-=-=-=-=-=-= 
20:39:53.416 INFO  -=-=-=-=-=-=-=-=-=-=-=-=-=-=-=-=-=-=-=-=-=-=-=-=-=-=-=-= 
20:39:53.417 INFO  ChibiKawaii#6151, ready to watch [547] users in [3] servers. 
20:39:53.417 INFO  -=-=-=-=-=-=-=-=-=-=-=-=-=-=-=-=-=-=-=-=-=-=-=-=-=-=-=-= 
20:39:59.941 ERROR Unhandled promise rejection: money is not defined. 
20:40:16.425 INFO  =-=-=-=-=-=-=- Loading command(s) -=-=-=-=-=-=-= 
20:40:16.871 INFO  =-=-=-=-=-=-=- Loading event(s) -=-=-=-=-=-=-= 
20:40:26.907 INFO  -=-=-=-=-=-=-=-=-=-=-=-=-=-=-=-=-=-=-=-=-=-=-=-=-=-=-=-= 
20:40:26.908 INFO  ChibiKawaii#6151, ready to watch [547] users in [3] servers. 
20:40:26.908 INFO  -=-=-=-=-=-=-=-=-=-=-=-=-=-=-=-=-=-=-=-=-=-=-=-=-=-=-=-= 
20:40:40.399 ERROR Unhandled promise rejection: bank must be a string or number. 
20:41:11.897 INFO  =-=-=-=-=-=-=- Loading command(s) -=-=-=-=-=-=-= 
20:41:12.686 INFO  =-=-=-=-=-=-=- Loading event(s) -=-=-=-=-=-=-= 
20:41:20.339 INFO  -=-=-=-=-=-=-=-=-=-=-=-=-=-=-=-=-=-=-=-=-=-=-=-=-=-=-=-= 
20:41:20.340 INFO  ChibiKawaii#6151, ready to watch [547] users in [3] servers. 
20:41:20.340 INFO  -=-=-=-=-=-=-=-=-=-=-=-=-=-=-=-=-=-=-=-=-=-=-=-=-=-=-=-= 
20:41:22.710 ERROR Unhandled promise rejection: cash is not defined. 
20:41:42.161 INFO  =-=-=-=-=-=-=- Loading command(s) -=-=-=-=-=-=-= 
20:41:42.700 INFO  =-=-=-=-=-=-=- Loading event(s) -=-=-=-=-=-=-= 
20:41:51.956 INFO  -=-=-=-=-=-=-=-=-=-=-=-=-=-=-=-=-=-=-=-=-=-=-=-=-=-=-=-= 
20:41:51.956 INFO  ChibiKawaii#6151, ready to watch [547] users in [3] servers. 
20:41:51.957 INFO  -=-=-=-=-=-=-=-=-=-=-=-=-=-=-=-=-=-=-=-=-=-=-=-=-=-=-=-= 
20:41:56.975 ERROR Unhandled promise rejection: bank must be a string or number. 
20:51:52.875 INFO  =-=-=-=-=-=-=- Loading command(s) -=-=-=-=-=-=-= 
20:51:54.217 INFO  =-=-=-=-=-=-=- Loading event(s) -=-=-=-=-=-=-= 
20:52:10.583 INFO  -=-=-=-=-=-=-=-=-=-=-=-=-=-=-=-=-=-=-=-=-=-=-=-=-=-=-=-= 
20:52:10.654 INFO  ChibiKawaii#6151, ready to watch [547] users in [3] servers. 
20:52:10.736 INFO  -=-=-=-=-=-=-=-=-=-=-=-=-=-=-=-=-=-=-=-=-=-=-=-=-=-=-=-= 
20:52:26.321 ERROR Unhandled promise rejection: bank must be a string or number. 
20:54:42.931 INFO  =-=-=-=-=-=-=- Loading command(s) -=-=-=-=-=-=-= 
20:54:44.060 INFO  =-=-=-=-=-=-=- Loading event(s) -=-=-=-=-=-=-= 
20:54:52.549 INFO  -=-=-=-=-=-=-=-=-=-=-=-=-=-=-=-=-=-=-=-=-=-=-=-=-=-=-=-= 
20:54:52.573 INFO  ChibiKawaii#6151, ready to watch [547] users in [3] servers. 
20:54:52.575 INFO  -=-=-=-=-=-=-=-=-=-=-=-=-=-=-=-=-=-=-=-=-=-=-=-=-=-=-=-= 
20:55:00.808 ERROR Unhandled promise rejection: cash must be a string or number. 
20:55:05.858 ERROR Unhandled promise rejection: cash must be a string or number. 
20:55:10.215 ERROR Unhandled promise rejection: cash must be a string or number. 
20:56:42.094 INFO  =-=-=-=-=-=-=- Loading command(s) -=-=-=-=-=-=-= 
20:56:43.324 INFO  =-=-=-=-=-=-=- Loading event(s) -=-=-=-=-=-=-= 
20:56:54.697 INFO  -=-=-=-=-=-=-=-=-=-=-=-=-=-=-=-=-=-=-=-=-=-=-=-=-=-=-=-= 
20:56:54.714 INFO  ChibiKawaii#6151, ready to watch [547] users in [3] servers. 
20:56:54.733 INFO  -=-=-=-=-=-=-=-=-=-=-=-=-=-=-=-=-=-=-=-=-=-=-=-=-=-=-=-= 
20:57:06.042 ERROR Unhandled promise rejection: randomMoneys is not defined. 
20:57:41.291 INFO  =-=-=-=-=-=-=- Loading command(s) -=-=-=-=-=-=-= 
20:57:44.648 INFO  =-=-=-=-=-=-=- Loading event(s) -=-=-=-=-=-=-= 
20:57:53.727 INFO  -=-=-=-=-=-=-=-=-=-=-=-=-=-=-=-=-=-=-=-=-=-=-=-=-=-=-=-= 
20:57:53.728 INFO  ChibiKawaii#6151, ready to watch [547] users in [3] servers. 
20:57:53.731 INFO  -=-=-=-=-=-=-=-=-=-=-=-=-=-=-=-=-=-=-=-=-=-=-=-=-=-=-=-= 
20:59:18.154 INFO  =-=-=-=-=-=-=- Loading command(s) -=-=-=-=-=-=-= 
20:59:21.418 INFO  =-=-=-=-=-=-=- Loading event(s) -=-=-=-=-=-=-= 
20:59:30.338 INFO  -=-=-=-=-=-=-=-=-=-=-=-=-=-=-=-=-=-=-=-=-=-=-=-=-=-=-=-= 
20:59:30.352 INFO  ChibiKawaii#6151, ready to watch [547] users in [3] servers. 
20:59:30.392 INFO  -=-=-=-=-=-=-=-=-=-=-=-=-=-=-=-=-=-=-=-=-=-=-=-=-=-=-=-= 
21:10:47.964 INFO  =-=-=-=-=-=-=- Loading command(s) -=-=-=-=-=-=-= 
21:10:49.134 INFO  =-=-=-=-=-=-=- Loading event(s) -=-=-=-=-=-=-= 
21:10:56.690 INFO  -=-=-=-=-=-=-=-=-=-=-=-=-=-=-=-=-=-=-=-=-=-=-=-=-=-=-=-= 
21:10:56.695 INFO  ChibiKawaii#6151, ready to watch [547] users in [3] servers. 
21:10:56.697 INFO  -=-=-=-=-=-=-=-=-=-=-=-=-=-=-=-=-=-=-=-=-=-=-=-=-=-=-=-= 
21:11:08.381 ERROR Unhandled promise rejection: user is not defined. 
21:11:54.877 INFO  =-=-=-=-=-=-=- Loading command(s) -=-=-=-=-=-=-= 
21:11:56.354 INFO  =-=-=-=-=-=-=- Loading event(s) -=-=-=-=-=-=-= 
21:12:07.759 INFO  -=-=-=-=-=-=-=-=-=-=-=-=-=-=-=-=-=-=-=-=-=-=-=-=-=-=-=-= 
21:12:07.760 INFO  ChibiKawaii#6151, ready to watch [547] users in [3] servers. 
21:12:07.761 INFO  -=-=-=-=-=-=-=-=-=-=-=-=-=-=-=-=-=-=-=-=-=-=-=-=-=-=-=-= 
21:12:17.361 ERROR Unhandled promise rejection: guildID is not defined. 
21:12:48.407 INFO  =-=-=-=-=-=-=- Loading command(s) -=-=-=-=-=-=-= 
21:12:49.497 INFO  =-=-=-=-=-=-=- Loading event(s) -=-=-=-=-=-=-= 
21:12:57.522 INFO  -=-=-=-=-=-=-=-=-=-=-=-=-=-=-=-=-=-=-=-=-=-=-=-=-=-=-=-= 
21:12:57.540 INFO  ChibiKawaii#6151, ready to watch [547] users in [3] servers. 
21:12:57.542 INFO  -=-=-=-=-=-=-=-=-=-=-=-=-=-=-=-=-=-=-=-=-=-=-=-=-=-=-=-= 
21:13:35.497 INFO  =-=-=-=-=-=-=- Loading command(s) -=-=-=-=-=-=-= 
21:13:36.194 INFO  =-=-=-=-=-=-=- Loading event(s) -=-=-=-=-=-=-= 
21:13:48.233 INFO  -=-=-=-=-=-=-=-=-=-=-=-=-=-=-=-=-=-=-=-=-=-=-=-=-=-=-=-= 
21:13:48.234 INFO  ChibiKawaii#6151, ready to watch [547] users in [3] servers. 
21:13:48.235 INFO  -=-=-=-=-=-=-=-=-=-=-=-=-=-=-=-=-=-=-=-=-=-=-=-=-=-=-=-= 
21:13:57.396 INFO  =-=-=-=-=-=-=- Loading command(s) -=-=-=-=-=-=-= 
21:13:58.329 INFO  =-=-=-=-=-=-=- Loading event(s) -=-=-=-=-=-=-= 
21:14:06.207 INFO  -=-=-=-=-=-=-=-=-=-=-=-=-=-=-=-=-=-=-=-=-=-=-=-=-=-=-=-= 
21:14:06.208 INFO  ChibiKawaii#6151, ready to watch [547] users in [3] servers. 
21:14:06.208 INFO  -=-=-=-=-=-=-=-=-=-=-=-=-=-=-=-=-=-=-=-=-=-=-=-=-=-=-=-= 
21:14:16.732 ERROR Unhandled promise rejection: msg is not defined. 
21:14:40.153 INFO  =-=-=-=-=-=-=- Loading command(s) -=-=-=-=-=-=-= 
21:14:41.543 INFO  =-=-=-=-=-=-=- Loading event(s) -=-=-=-=-=-=-= 
21:14:51.455 INFO  -=-=-=-=-=-=-=-=-=-=-=-=-=-=-=-=-=-=-=-=-=-=-=-=-=-=-=-= 
21:14:51.465 INFO  ChibiKawaii#6151, ready to watch [547] users in [3] servers. 
21:14:51.490 INFO  -=-=-=-=-=-=-=-=-=-=-=-=-=-=-=-=-=-=-=-=-=-=-=-=-=-=-=-= 
21:15:05.675 ERROR Unhandled promise rejection: Cannot edit a message authored by another user. 
21:15:18.570 ERROR Unhandled promise rejection: Cannot edit a message authored by another user. 
21:17:16.775 INFO  =-=-=-=-=-=-=- Loading command(s) -=-=-=-=-=-=-= 
21:17:17.986 INFO  =-=-=-=-=-=-=- Loading event(s) -=-=-=-=-=-=-= 
21:17:25.491 INFO  -=-=-=-=-=-=-=-=-=-=-=-=-=-=-=-=-=-=-=-=-=-=-=-=-=-=-=-= 
21:17:25.494 INFO  ChibiKawaii#6151, ready to watch [547] users in [3] servers. 
21:17:25.495 INFO  -=-=-=-=-=-=-=-=-=-=-=-=-=-=-=-=-=-=-=-=-=-=-=-=-=-=-=-= 
21:17:37.831 INFO  =-=-=-=-=-=-=- Loading command(s) -=-=-=-=-=-=-= 
21:17:38.905 INFO  =-=-=-=-=-=-=- Loading event(s) -=-=-=-=-=-=-= 
21:17:47.996 INFO  -=-=-=-=-=-=-=-=-=-=-=-=-=-=-=-=-=-=-=-=-=-=-=-=-=-=-=-= 
21:17:48.001 INFO  ChibiKawaii#6151, ready to watch [547] users in [3] servers. 
21:17:48.002 INFO  -=-=-=-=-=-=-=-=-=-=-=-=-=-=-=-=-=-=-=-=-=-=-=-=-=-=-=-= 
21:18:17.079 ERROR Unhandled promise rejection: Cannot edit a message authored by another user. 
21:19:00.490 INFO  =-=-=-=-=-=-=- Loading command(s) -=-=-=-=-=-=-= 
21:19:01.240 INFO  =-=-=-=-=-=-=- Loading event(s) -=-=-=-=-=-=-= 
21:19:08.846 INFO  -=-=-=-=-=-=-=-=-=-=-=-=-=-=-=-=-=-=-=-=-=-=-=-=-=-=-=-= 
21:19:08.862 INFO  ChibiKawaii#6151, ready to watch [547] users in [3] servers. 
21:19:08.866 INFO  -=-=-=-=-=-=-=-=-=-=-=-=-=-=-=-=-=-=-=-=-=-=-=-=-=-=-=-= 
21:19:21.128 ERROR Unhandled promise rejection: Cannot edit a message authored by another user. 
21:19:39.486 INFO  =-=-=-=-=-=-=- Loading command(s) -=-=-=-=-=-=-= 
21:19:41.849 INFO  =-=-=-=-=-=-=- Loading event(s) -=-=-=-=-=-=-= 
21:19:49.884 INFO  -=-=-=-=-=-=-=-=-=-=-=-=-=-=-=-=-=-=-=-=-=-=-=-=-=-=-=-= 
21:19:49.887 INFO  ChibiKawaii#6151, ready to watch [547] users in [3] servers. 
21:19:49.888 INFO  -=-=-=-=-=-=-=-=-=-=-=-=-=-=-=-=-=-=-=-=-=-=-=-=-=-=-=-= 
21:39:27.219 INFO  =-=-=-=-=-=-=- Loading command(s) -=-=-=-=-=-=-= 
21:39:27.611 INFO  =-=-=-=-=-=-=- Loading event(s) -=-=-=-=-=-=-= 
21:39:35.141 INFO  -=-=-=-=-=-=-=-=-=-=-=-=-=-=-=-=-=-=-=-=-=-=-=-=-=-=-=-= 
21:39:35.142 INFO  ChibiKawaii#6151, ready to watch [548] users in [3] servers. 
21:39:35.143 INFO  -=-=-=-=-=-=-=-=-=-=-=-=-=-=-=-=-=-=-=-=-=-=-=-=-=-=-=-= 
21:39:50.200 ERROR Unhandled promise rejection: Cannot edit a message authored by another user. 
21:40:02.065 INFO  =-=-=-=-=-=-=- Loading command(s) -=-=-=-=-=-=-= 
21:40:02.615 INFO  =-=-=-=-=-=-=- Loading event(s) -=-=-=-=-=-=-= 
21:40:13.579 INFO  -=-=-=-=-=-=-=-=-=-=-=-=-=-=-=-=-=-=-=-=-=-=-=-=-=-=-=-= 
21:40:13.580 INFO  ChibiKawaii#6151, ready to watch [548] users in [3] servers. 
21:40:13.581 INFO  -=-=-=-=-=-=-=-=-=-=-=-=-=-=-=-=-=-=-=-=-=-=-=-=-=-=-=-= 
21:51:01.640 ERROR Unhandled promise rejection: Unknown Webhook. 
21:51:20.632 INFO  =-=-=-=-=-=-=- Loading command(s) -=-=-=-=-=-=-= 
21:51:21.493 INFO  =-=-=-=-=-=-=- Loading event(s) -=-=-=-=-=-=-= 
21:51:29.018 INFO  -=-=-=-=-=-=-=-=-=-=-=-=-=-=-=-=-=-=-=-=-=-=-=-=-=-=-=-= 
21:51:29.019 INFO  ChibiKawaii#6151, ready to watch [548] users in [3] servers. 
21:51:29.020 INFO  -=-=-=-=-=-=-=-=-=-=-=-=-=-=-=-=-=-=-=-=-=-=-=-=-=-=-=-= 
22:43:12.467 INFO  =-=-=-=-=-=-=- Loading command(s) -=-=-=-=-=-=-= 
22:43:12.690 INFO  =-=-=-=-=-=-=- Loading event(s) -=-=-=-=-=-=-= 
22:43:13.321 INFO  -=-=-=-=-=-=-=-=-=-=-=-=-=-=-=-=-=-=-=-=-=-=-=-=-=-=-=-= 
22:43:13.322 INFO  ChibiKawaii#6151, ready to watch [554] users in [3] servers. 
22:43:13.322 INFO  -=-=-=-=-=-=-=-=-=-=-=-=-=-=-=-=-=-=-=-=-=-=-=-=-=-=-=-= 
23:20:03.481 INFO  =-=-=-=-=-=-=- Loading command(s) -=-=-=-=-=-=-= 
23:20:03.713 INFO  =-=-=-=-=-=-=- Loading event(s) -=-=-=-=-=-=-= 
23:20:04.241 INFO  -=-=-=-=-=-=-=-=-=-=-=-=-=-=-=-=-=-=-=-=-=-=-=-=-=-=-=-= 
23:20:04.242 INFO  ChibiKawaii#6151, ready to watch [555] users in [3] servers. 
23:20:04.242 INFO  -=-=-=-=-=-=-=-=-=-=-=-=-=-=-=-=-=-=-=-=-=-=-=-=-=-=-=-= 
23:52:55.588 INFO  =-=-=-=-=-=-=- Loading command(s) -=-=-=-=-=-=-= 
23:52:55.780 INFO  =-=-=-=-=-=-=- Loading event(s) -=-=-=-=-=-=-= 
23:52:56.425 INFO  -=-=-=-=-=-=-=-=-=-=-=-=-=-=-=-=-=-=-=-=-=-=-=-=-=-=-=-= 
23:52:56.425 INFO  ChibiKawaii#6151, ready to watch [555] users in [3] servers. 
23:52:56.425 INFO  -=-=-=-=-=-=-=-=-=-=-=-=-=-=-=-=-=-=-=-=-=-=-=-=-=-=-=-= 
23:56:21.115 INFO  =-=-=-=-=-=-=- Loading command(s) -=-=-=-=-=-=-= 
23:56:21.331 INFO  =-=-=-=-=-=-=- Loading event(s) -=-=-=-=-=-=-= 
23:56:21.869 INFO  -=-=-=-=-=-=-=-=-=-=-=-=-=-=-=-=-=-=-=-=-=-=-=-=-=-=-=-= 
23:56:21.869 INFO  ChibiKawaii#6151, ready to watch [555] users in [3] servers. 
23:56:21.870 INFO  -=-=-=-=-=-=-=-=-=-=-=-=-=-=-=-=-=-=-=-=-=-=-=-=-=-=-=-= 
23:57:07.515 ERROR Unhandled promise rejection: Cannot send an empty message. 
23:57:34.642 ERROR Unhandled promise rejection: Cannot send an empty message. 
23:58:01.979 ERROR Unhandled promise rejection: Cannot send an empty message. 

