05:22:43.568 INFO  =-=-=-=-=-=-=- Loading command(s) -=-=-=-=-=-=-= 
05:22:43.658 INFO  =-=-=-=-=-=-=- Loading event(s) -=-=-=-=-=-=-= 
05:22:44.149 INFO  -=-=-=-=-=-=-=-=-=-=-=-=-=-=-=-=-=-=-=-=-=-=-=-=-=-=-=-= 
05:22:44.150 INFO  ğ—™ğ—®ğ—¶ğ—¿ğ˜† ğ—¦ğ—µğ—¼ğ—½#0438, ready to watch [19] users in [1] servers. 
05:22:44.150 INFO  -=-=-=-=-=-=-=-=-=-=-=-=-=-=-=-=-=-=-=-=-=-=-=-=-=-=-=-= 
05:22:44.230 ERROR Unhandled promise rejection: Missing Access. 
06:20:09.106 INFO  =-=-=-=-=-=-=- Loading command(s) -=-=-=-=-=-=-= 
06:20:09.246 INFO  =-=-=-=-=-=-=- Loading event(s) -=-=-=-=-=-=-= 
06:20:09.862 INFO  -=-=-=-=-=-=-=-=-=-=-=-=-=-=-=-=-=-=-=-=-=-=-=-=-=-=-=-= 
06:20:09.862 INFO  ğ—™ğ—®ğ—¶ğ—¿ğ˜† ğ—¦ğ—µğ—¼ğ—½#0438, ready to watch [19] users in [1] servers. 
06:20:09.862 INFO  -=-=-=-=-=-=-=-=-=-=-=-=-=-=-=-=-=-=-=-=-=-=-=-=-=-=-=-= 
06:20:09.950 ERROR Unhandled promise rejection: Missing Access. 
06:26:00.800 INFO  =-=-=-=-=-=-=- Loading command(s) -=-=-=-=-=-=-= 
06:26:00.905 INFO  =-=-=-=-=-=-=- Loading event(s) -=-=-=-=-=-=-= 
06:26:01.378 INFO  -=-=-=-=-=-=-=-=-=-=-=-=-=-=-=-=-=-=-=-=-=-=-=-=-=-=-=-= 
06:26:01.379 INFO  FairyShop#0438, ready to watch [19] users in [1] servers. 
06:26:01.379 INFO  -=-=-=-=-=-=-=-=-=-=-=-=-=-=-=-=-=-=-=-=-=-=-=-=-=-=-=-= 
06:26:01.936 ERROR Unhandled promise rejection: Missing Access. 
06:33:13.018 INFO  =-=-=-=-=-=-=- Loading command(s) -=-=-=-=-=-=-= 
06:33:13.107 INFO  =-=-=-=-=-=-=- Loading event(s) -=-=-=-=-=-=-= 
06:33:13.548 INFO  -=-=-=-=-=-=-=-=-=-=-=-=-=-=-=-=-=-=-=-=-=-=-=-=-=-=-=-= 
06:33:13.549 INFO  FairyShop#0438, ready to watch [19] users in [1] servers. 
06:33:13.549 INFO  -=-=-=-=-=-=-=-=-=-=-=-=-=-=-=-=-=-=-=-=-=-=-=-=-=-=-=-= 
06:33:13.623 ERROR Unhandled promise rejection: Missing Access. 
06:34:16.248 INFO  =-=-=-=-=-=-=- Loading command(s) -=-=-=-=-=-=-= 
06:34:16.364 INFO  =-=-=-=-=-=-=- Loading event(s) -=-=-=-=-=-=-= 
06:34:16.791 INFO  -=-=-=-=-=-=-=-=-=-=-=-=-=-=-=-=-=-=-=-=-=-=-=-=-=-=-=-= 
06:34:16.792 INFO  FairyShop#0438, ready to watch [19] users in [1] servers. 
06:34:16.792 INFO  -=-=-=-=-=-=-=-=-=-=-=-=-=-=-=-=-=-=-=-=-=-=-=-=-=-=-=-= 
06:34:16.864 ERROR Unhandled promise rejection: Missing Access. 
06:38:39.638 INFO  =-=-=-=-=-=-=- Loading command(s) -=-=-=-=-=-=-= 
06:38:39.757 INFO  =-=-=-=-=-=-=- Loading event(s) -=-=-=-=-=-=-= 
06:38:40.234 INFO  -=-=-=-=-=-=-=-=-=-=-=-=-=-=-=-=-=-=-=-=-=-=-=-=-=-=-=-= 
06:38:40.235 INFO  FairyShop#0438, ready to watch [19] users in [1] servers. 
06:38:40.235 INFO  -=-=-=-=-=-=-=-=-=-=-=-=-=-=-=-=-=-=-=-=-=-=-=-=-=-=-=-= 
06:38:40.328 ERROR Unhandled promise rejection: Missing Access. 
06:41:34.676 INFO  =-=-=-=-=-=-=- Loading command(s) -=-=-=-=-=-=-= 
06:41:34.768 INFO  =-=-=-=-=-=-=- Loading event(s) -=-=-=-=-=-=-= 
06:41:35.150 INFO  -=-=-=-=-=-=-=-=-=-=-=-=-=-=-=-=-=-=-=-=-=-=-=-=-=-=-=-= 
06:41:35.150 INFO  FairyShop#0438, ready to watch [19] users in [1] servers. 
06:41:35.150 INFO  -=-=-=-=-=-=-=-=-=-=-=-=-=-=-=-=-=-=-=-=-=-=-=-=-=-=-=-= 
06:41:35.279 ERROR Unhandled promise rejection: Missing Access. 
06:44:02.671 INFO  =-=-=-=-=-=-=- Loading command(s) -=-=-=-=-=-=-= 
06:44:02.774 INFO  =-=-=-=-=-=-=- Loading event(s) -=-=-=-=-=-=-= 
06:44:03.115 INFO  -=-=-=-=-=-=-=-=-=-=-=-=-=-=-=-=-=-=-=-=-=-=-=-=-=-=-=-= 
06:44:03.115 INFO  FairyShop#0438, ready to watch [19] users in [1] servers. 
06:44:03.115 INFO  -=-=-=-=-=-=-=-=-=-=-=-=-=-=-=-=-=-=-=-=-=-=-=-=-=-=-=-= 

